# JRE version: OpenJDK Runtime Environment Temurin-21.0.7+6 (21.0.7+6) (build 21.0.7+6-LTS)
# Java VM: OpenJDK 64-Bit Server VM Temurin-21.0.7+6 (21.0.7+6-LTS, mixed mode, sharing, tiered, compressed oops, compressed class ptrs, parallel gc, windows-amd64)
GC Precious Log:
 CardTable entry size: 512
 CPUs: 8 total, 8 available
 Memory: 16107M
 Large Page Support: Disabled
 NUMA Support: Disabled
 Compressed Oops: Enabled (32-bit)
 Alignments: Space 512K, Generation 512K, Heap 2M
 Heap Min Capacity: 100M
 Heap Initial Capacity: 100M
 Heap Max Capacity: 1G
 Pre-touch: Disabled
 Parallel Workers: 8
Heap:
 PSYoungGen      total 9728K, used 9225K [0x00000000eab00000, 0x00000000eb780000, 0x0000000100000000)
  eden space 7680K, 100% used [0x00000000eab00000,0x00000000eb280000,0x00000000eb280000)
  from space 2048K, 75% used [0x00000000eb300000,0x00000000eb4827d8,0x00000000eb500000)
  to   space 2560K, 55% used [0x00000000eb500000,0x00000000eb6624c8,0x00000000eb780000)
 ParOldGen       total 278016K, used 277574K [0x00000000c0000000, 0x00000000d0f80000, 0x00000000eab00000)
  object space 278016K, 99% used [0x00000000c0000000,0x00000000d0f16ee0,0x00000000d0f80000)
 Metaspace       used 61637K, committed 62976K, reserved 1114112K
  class space    used 6657K, committed 7232K, reserved 1048576K
GC Heap History (20 events):
Event: 12.685 GC heap before
{Heap before GC invocations=236 (full 3):
 PSYoungGen      total 9728K, used 9236K [0x00000000eab00000, 0x00000000eb680000, 0x0000000100000000)
  eden space 7680K, 100% used [0x00000000eab00000,0x00000000eb280000,0x00000000eb280000)
  from space 2048K, 75% used [0x00000000eb480000,0x00000000eb6051c0,0x00000000eb680000)
  to   space 2048K, 0% used [0x00000000eb280000,0x00000000eb280000,0x00000000eb480000)
 ParOldGen       total 261632K, used 261478K [0x00000000c0000000, 0x00000000cff80000, 0x00000000eab00000)
  object space 261632K, 99% used [0x00000000c0000000,0x00000000cff59bd8,0x00000000cff80000)
 Metaspace       used 61609K, committed 62912K, reserved 1114112K
  class space    used 6656K, committed 7232K, reserved 1048576K
}
Event: 12.688 GC heap after
{Heap after GC invocations=236 (full 3):
 PSYoungGen      total 9216K, used 1467K [0x00000000eab00000, 0x00000000eb580000, 0x0000000100000000)
  eden space 7680K, 0% used [0x00000000eab00000,0x00000000eab00000,0x00000000eb280000)
  from space 1536K, 95% used [0x00000000eb280000,0x00000000eb3eef20,0x00000000eb400000)
  to   space 1536K, 0% used [0x00000000eb400000,0x00000000eb400000,0x00000000eb580000)
 ParOldGen       total 263168K, used 262912K [0x00000000c0000000, 0x00000000d0100000, 0x00000000eab00000)
  object space 263168K, 99% used [0x00000000c0000000,0x00000000d00c02b8,0x00000000d0100000)
 Metaspace       used 61609K, committed 62912K, reserved 1114112K
  class space    used 6656K, committed 7232K, reserved 1048576K
}
Event: 12.699 GC heap before
{Heap before GC invocations=237 (full 3):
 PSYoungGen      total 9216K, used 9147K [0x00000000eab00000, 0x00000000eb580000, 0x0000000100000000)
  eden space 7680K, 100% used [0x00000000eab00000,0x00000000eb280000,0x00000000eb280000)
  from space 1536K, 95% used [0x00000000eb280000,0x00000000eb3eef20,0x00000000eb400000)
  to   space 1536K, 0% used [0x00000000eb400000,0x00000000eb400000,0x00000000eb580000)
 ParOldGen       total 263168K, used 262912K [0x00000000c0000000, 0x00000000d0100000, 0x00000000eab00000)
  object space 263168K, 99% used [0x00000000c0000000,0x00000000d00c02b8,0x00000000d0100000)
 Metaspace       used 61612K, committed 62912K, reserved 1114112K
  class space    used 6656K, committed 7232K, reserved 1048576K
}
Event: 12.701 GC heap after
{Heap after GC invocations=237 (full 3):
 PSYoungGen      total 9216K, used 1292K [0x00000000eab00000, 0x00000000eb580000, 0x0000000100000000)
  eden space 7680K, 0% used [0x00000000eab00000,0x00000000eab00000,0x00000000eb280000)
  from space 1536K, 84% used [0x00000000eb400000,0x00000000eb5433c0,0x00000000eb580000)
  to   space 1536K, 0% used [0x00000000eb280000,0x00000000eb280000,0x00000000eb400000)
 ParOldGen       total 264704K, used 264244K [0x00000000c0000000, 0x00000000d0280000, 0x00000000eab00000)
  object space 264704K, 99% used [0x00000000c0000000,0x00000000d020d3a0,0x00000000d0280000)
 Metaspace       used 61612K, committed 62912K, reserved 1114112K
  class space    used 6656K, committed 7232K, reserved 1048576K
}
Event: 12.715 GC heap before
{Heap before GC invocations=238 (full 3):
 PSYoungGen      total 9216K, used 8972K [0x00000000eab00000, 0x00000000eb580000, 0x0000000100000000)
  eden space 7680K, 100% used [0x00000000eab00000,0x00000000eb280000,0x00000000eb280000)
  from space 1536K, 84% used [0x00000000eb400000,0x00000000eb5433c0,0x00000000eb580000)
  to   space 1536K, 0% used [0x00000000eb280000,0x00000000eb280000,0x00000000eb400000)
 ParOldGen       total 264704K, used 264244K [0x00000000c0000000, 0x00000000d0280000, 0x00000000eab00000)
  object space 264704K, 99% used [0x00000000c0000000,0x00000000d020d3a0,0x00000000d0280000)
 Metaspace       used 61612K, committed 62912K, reserved 1114112K
  class space    used 6656K, committed 7232K, reserved 1048576K
}
Event: 12.717 GC heap after
{Heap after GC invocations=238 (full 3):
 PSYoungGen      total 9216K, used 1398K [0x00000000eab00000, 0x00000000eb580000, 0x0000000100000000)
  eden space 7680K, 0% used [0x00000000eab00000,0x00000000eab00000,0x00000000eb280000)
  from space 1536K, 91% used [0x00000000eb280000,0x00000000eb3ddbd8,0x00000000eb400000)
  to   space 1536K, 0% used [0x00000000eb400000,0x00000000eb400000,0x00000000eb580000)
 ParOldGen       total 265728K, used 265392K [0x00000000c0000000, 0x00000000d0380000, 0x00000000eab00000)
  object space 265728K, 99% used [0x00000000c0000000,0x00000000d032c310,0x00000000d0380000)
 Metaspace       used 61612K, committed 62912K, reserved 1114112K
  class space    used 6656K, committed 7232K, reserved 1048576K
}
Event: 12.731 GC heap before
{Heap before GC invocations=239 (full 3):
 PSYoungGen      total 9216K, used 9078K [0x00000000eab00000, 0x00000000eb580000, 0x0000000100000000)
  eden space 7680K, 100% used [0x00000000eab00000,0x00000000eb280000,0x00000000eb280000)
  from space 1536K, 91% used [0x00000000eb280000,0x00000000eb3ddbd8,0x00000000eb400000)
  to   space 1536K, 0% used [0x00000000eb400000,0x00000000eb400000,0x00000000eb580000)
 ParOldGen       total 265728K, used 265392K [0x00000000c0000000, 0x00000000d0380000, 0x00000000eab00000)
  object space 265728K, 99% used [0x00000000c0000000,0x00000000d032c310,0x00000000d0380000)
 Metaspace       used 61617K, committed 62912K, reserved 1114112K
  class space    used 6656K, committed 7232K, reserved 1048576K
}
Event: 12.732 GC heap after
{Heap after GC invocations=239 (full 3):
 PSYoungGen      total 9216K, used 1330K [0x00000000eab00000, 0x00000000eb580000, 0x0000000100000000)
  eden space 7680K, 0% used [0x00000000eab00000,0x00000000eab00000,0x00000000eb280000)
  from space 1536K, 86% used [0x00000000eb400000,0x00000000eb54cba8,0x00000000eb580000)
  to   space 1536K, 0% used [0x00000000eb280000,0x00000000eb280000,0x00000000eb400000)
 ParOldGen       total 266752K, used 266610K [0x00000000c0000000, 0x00000000d0480000, 0x00000000eab00000)
  object space 266752K, 99% used [0x00000000c0000000,0x00000000d045cb38,0x00000000d0480000)
 Metaspace       used 61617K, committed 62912K, reserved 1114112K
  class space    used 6656K, committed 7232K, reserved 1048576K
}
Event: 12.746 GC heap before
{Heap before GC invocations=240 (full 3):
 PSYoungGen      total 9216K, used 8886K [0x00000000eab00000, 0x00000000eb580000, 0x0000000100000000)
  eden space 7680K, 98% used [0x00000000eab00000,0x00000000eb260e70,0x00000000eb280000)
  from space 1536K, 86% used [0x00000000eb400000,0x00000000eb54cba8,0x00000000eb580000)
  to   space 1536K, 0% used [0x00000000eb280000,0x00000000eb280000,0x00000000eb400000)
 ParOldGen       total 266752K, used 266610K [0x00000000c0000000, 0x00000000d0480000, 0x00000000eab00000)
  object space 266752K, 99% used [0x00000000c0000000,0x00000000d045cb38,0x00000000d0480000)
 Metaspace       used 61617K, committed 62912K, reserved 1114112K
  class space    used 6656K, committed 7232K, reserved 1048576K
}
Event: 12.748 GC heap after
{Heap after GC invocations=240 (full 3):
 PSYoungGen      total 9216K, used 1472K [0x00000000eab00000, 0x00000000eb580000, 0x0000000100000000)
  eden space 7680K, 0% used [0x00000000eab00000,0x00000000eab00000,0x00000000eb280000)
  from space 1536K, 95% used [0x00000000eb280000,0x00000000eb3f0000,0x00000000eb400000)
  to   space 1536K, 0% used [0x00000000eb400000,0x00000000eb400000,0x00000000eb580000)
 ParOldGen       total 267776K, used 267741K [0x00000000c0000000, 0x00000000d0580000, 0x00000000eab00000)
  object space 267776K, 99% used [0x00000000c0000000,0x00000000d05777f0,0x00000000d0580000)
 Metaspace       used 61617K, committed 62912K, reserved 1114112K
  class space    used 6656K, committed 7232K, reserved 1048576K
}
Event: 12.763 GC heap before
{Heap before GC invocations=241 (full 3):
 PSYoungGen      total 9216K, used 9152K [0x00000000eab00000, 0x00000000eb580000, 0x0000000100000000)
  eden space 7680K, 100% used [0x00000000eab00000,0x00000000eb280000,0x00000000eb280000)
  from space 1536K, 95% used [0x00000000eb280000,0x00000000eb3f0000,0x00000000eb400000)
  to   space 1536K, 0% used [0x00000000eb400000,0x00000000eb400000,0x00000000eb580000)
 ParOldGen       total 267776K, used 267741K [0x00000000c0000000, 0x00000000d0580000, 0x00000000eab00000)
  object space 267776K, 99% used [0x00000000c0000000,0x00000000d05777f0,0x00000000d0580000)
 Metaspace       used 61631K, committed 62976K, reserved 1114112K
  class space    used 6657K, committed 7232K, reserved 1048576K
}
Event: 12.764 GC heap after
{Heap after GC invocations=241 (full 3):
 PSYoungGen      total 9216K, used 1514K [0x00000000eab00000, 0x00000000eb580000, 0x0000000100000000)
  eden space 7680K, 0% used [0x00000000eab00000,0x00000000eab00000,0x00000000eb280000)
  from space 1536K, 98% used [0x00000000eb400000,0x00000000eb57aa48,0x00000000eb580000)
  to   space 1536K, 0% used [0x00000000eb280000,0x00000000eb280000,0x00000000eb400000)
 ParOldGen       total 269312K, used 269063K [0x00000000c0000000, 0x00000000d0700000, 0x00000000eab00000)
  object space 269312K, 99% used [0x00000000c0000000,0x00000000d06c1e38,0x00000000d0700000)
 Metaspace       used 61631K, committed 62976K, reserved 1114112K
  class space    used 6657K, committed 7232K, reserved 1048576K
}
Event: 12.777 GC heap before
{Heap before GC invocations=242 (full 3):
 PSYoungGen      total 9216K, used 9194K [0x00000000eab00000, 0x00000000eb580000, 0x0000000100000000)
  eden space 7680K, 100% used [0x00000000eab00000,0x00000000eb280000,0x00000000eb280000)
  from space 1536K, 98% used [0x00000000eb400000,0x00000000eb57aa48,0x00000000eb580000)
  to   space 1536K, 0% used [0x00000000eb280000,0x00000000eb280000,0x00000000eb400000)
 ParOldGen       total 269312K, used 269063K [0x00000000c0000000, 0x00000000d0700000, 0x00000000eab00000)
  object space 269312K, 99% used [0x00000000c0000000,0x00000000d06c1e38,0x00000000d0700000)
 Metaspace       used 61631K, committed 62976K, reserved 1114112K
  class space    used 6657K, committed 7232K, reserved 1048576K
}
Event: 12.779 GC heap after
{Heap after GC invocations=242 (full 3):
 PSYoungGen      total 9216K, used 1531K [0x00000000eab00000, 0x00000000eb980000, 0x0000000100000000)
  eden space 7680K, 0% used [0x00000000eab00000,0x00000000eab00000,0x00000000eb280000)
  from space 1536K, 99% used [0x00000000eb280000,0x00000000eb3fec50,0x00000000eb400000)
  to   space 3584K, 0% used [0x00000000eb600000,0x00000000eb600000,0x00000000eb980000)
 ParOldGen       total 270848K, used 270507K [0x00000000c0000000, 0x00000000d0880000, 0x00000000eab00000)
  object space 270848K, 99% used [0x00000000c0000000,0x00000000d082ac50,0x00000000d0880000)
 Metaspace       used 61631K, committed 62976K, reserved 1114112K
  class space    used 6657K, committed 7232K, reserved 1048576K
}
Event: 12.792 GC heap before
{Heap before GC invocations=243 (full 3):
 PSYoungGen      total 9216K, used 9211K [0x00000000eab00000, 0x00000000eb980000, 0x0000000100000000)
  eden space 7680K, 100% used [0x00000000eab00000,0x00000000eb280000,0x00000000eb280000)
  from space 1536K, 99% used [0x00000000eb280000,0x00000000eb3fec50,0x00000000eb400000)
  to   space 3584K, 0% used [0x00000000eb600000,0x00000000eb600000,0x00000000eb980000)
 ParOldGen       total 270848K, used 270507K [0x00000000c0000000, 0x00000000d0880000, 0x00000000eab00000)
  object space 270848K, 99% used [0x00000000c0000000,0x00000000d082ac50,0x00000000d0880000)
 Metaspace       used 61634K, committed 62976K, reserved 1114112K
  class space    used 6657K, committed 7232K, reserved 1048576K
}
Event: 12.794 GC heap after
{Heap after GC invocations=243 (full 3):
 PSYoungGen      total 9728K, used 1598K [0x00000000eab00000, 0x00000000eb800000, 0x0000000100000000)
  eden space 7680K, 0% used [0x00000000eab00000,0x00000000eab00000,0x00000000eb280000)
  from space 2048K, 78% used [0x00000000eb600000,0x00000000eb78fa20,0x00000000eb800000)
  to   space 2560K, 0% used [0x00000000eb300000,0x00000000eb300000,0x00000000eb580000)
 ParOldGen       total 272384K, used 271925K [0x00000000c0000000, 0x00000000d0a00000, 0x00000000eab00000)
  object space 272384K, 99% used [0x00000000c0000000,0x00000000d098d660,0x00000000d0a00000)
 Metaspace       used 61634K, committed 62976K, reserved 1114112K
  class space    used 6657K, committed 7232K, reserved 1048576K
}
Event: 12.805 GC heap before
{Heap before GC invocations=244 (full 3):
 PSYoungGen      total 9728K, used 9278K [0x00000000eab00000, 0x00000000eb800000, 0x0000000100000000)
  eden space 7680K, 100% used [0x00000000eab00000,0x00000000eb280000,0x00000000eb280000)
  from space 2048K, 78% used [0x00000000eb600000,0x00000000eb78fa20,0x00000000eb800000)
  to   space 2560K, 0% used [0x00000000eb300000,0x00000000eb300000,0x00000000eb580000)
 ParOldGen       total 272384K, used 271925K [0x00000000c0000000, 0x00000000d0a00000, 0x00000000eab00000)
  object space 272384K, 99% used [0x00000000c0000000,0x00000000d098d660,0x00000000d0a00000)
 Metaspace       used 61634K, committed 62976K, reserved 1114112K
  class space    used 6657K, committed 7232K, reserved 1048576K
}
Event: 12.807 GC heap after
{Heap after GC invocations=244 (full 3):
 PSYoungGen      total 9728K, used 1619K [0x00000000eab00000, 0x00000000eb680000, 0x0000000100000000)
  eden space 7680K, 0% used [0x00000000eab00000,0x00000000eab00000,0x00000000eb280000)
  from space 2048K, 79% used [0x00000000eb300000,0x00000000eb494cd8,0x00000000eb500000)
  to   space 1536K, 0% used [0x00000000eb500000,0x00000000eb500000,0x00000000eb680000)
 ParOldGen       total 273408K, used 273394K [0x00000000c0000000, 0x00000000d0b00000, 0x00000000eab00000)
  object space 273408K, 99% used [0x00000000c0000000,0x00000000d0afc878,0x00000000d0b00000)
 Metaspace       used 61634K, committed 62976K, reserved 1114112K
  class space    used 6657K, committed 7232K, reserved 1048576K
}
Event: 12.821 GC heap before
{Heap before GC invocations=245 (full 3):
 PSYoungGen      total 9728K, used 9299K [0x00000000eab00000, 0x00000000eb680000, 0x0000000100000000)
  eden space 7680K, 100% used [0x00000000eab00000,0x00000000eb280000,0x00000000eb280000)
  from space 2048K, 79% used [0x00000000eb300000,0x00000000eb494cd8,0x00000000eb500000)
  to   space 1536K, 0% used [0x00000000eb500000,0x00000000eb500000,0x00000000eb680000)
 ParOldGen       total 273408K, used 273394K [0x00000000c0000000, 0x00000000d0b00000, 0x00000000eab00000)
  object space 273408K, 99% used [0x00000000c0000000,0x00000000d0afc878,0x00000000d0b00000)
 Metaspace       used 61634K, committed 62976K, reserved 1114112K
  class space    used 6657K, committed 7232K, reserved 1048576K
}
Event: 12.822 GC heap after
{Heap after GC invocations=245 (full 3):
 PSYoungGen      total 9216K, used 1529K [0x00000000eab00000, 0x00000000eb680000, 0x0000000100000000)
  eden space 7680K, 0% used [0x00000000eab00000,0x00000000eab00000,0x00000000eb280000)
  from space 1536K, 99% used [0x00000000eb500000,0x00000000eb67e568,0x00000000eb680000)
  to   space 2048K, 0% used [0x00000000eb300000,0x00000000eb300000,0x00000000eb500000)
 ParOldGen       total 274944K, used 274823K [0x00000000c0000000, 0x00000000d0c80000, 0x00000000eab00000)
  object space 274944K, 99% used [0x00000000c0000000,0x00000000d0c61c98,0x00000000d0c80000)
 Metaspace       used 61634K, committed 62976K, reserved 1114112K
  class space    used 6657K, committed 7232K, reserved 1048576K
}

