# JRE version: OpenJDK Runtime Environment Temurin-21.0.7+6 (21.0.7+6) (build 21.0.7+6-LTS)
# Java VM: OpenJDK 64-Bit Server VM Temurin-21.0.7+6 (21.0.7+6-LTS, mixed mode, sharing, tiered, compressed oops, compressed class ptrs, parallel gc, windows-amd64)
GC Precious Log:
 CardTable entry size: 512
 CPUs: 8 total, 8 available
 Memory: 16107M
 Large Page Support: Disabled
 NUMA Support: Disabled
 Compressed Oops: Enabled (32-bit)
 Alignments: Space 512K, Generation 512K, Heap 2M
 Heap Min Capacity: 100M
 Heap Initial Capacity: 100M
 Heap Max Capacity: 1G
 Pre-touch: Disabled
 Parallel Workers: 8
Heap:
 PSYoungGen      total 5120K, used 5109K [0x00000000eab00000, 0x00000000eb300000, 0x0000000100000000)
  eden space 4096K, 100% used [0x00000000eab00000,0x00000000eaf00000,0x00000000eaf00000)
  from space 1024K, 98% used [0x00000000eaf00000,0x00000000eaffd468,0x00000000eb000000)
  to   space 2048K, 50% used [0x00000000eb100000,0x00000000eb204048,0x00000000eb300000)
 ParOldGen       total 287232K, used 287228K [0x00000000c0000000, 0x00000000d1880000, 0x00000000eab00000)
  object space 287232K, 99% used [0x00000000c0000000,0x00000000d187f0f0,0x00000000d1880000)
 Metaspace       used 71412K, committed 72896K, reserved 1114112K
  class space    used 8630K, committed 9280K, reserved 1048576K
GC Heap History (20 events):
Event: 35.874 GC heap before
{Heap before GC invocations=209 (full 3):
 PSYoungGen      total 4096K, used 3870K [0x00000000eab00000, 0x00000000eb080000, 0x0000000100000000)
  eden space 3072K, 99% used [0x00000000eab00000,0x00000000eadff288,0x00000000eae00000)
  from space 1024K, 78% used [0x00000000eae00000,0x00000000eaec8698,0x00000000eaf00000)
  to   space 1024K, 0% used [0x00000000eaf80000,0x00000000eaf80000,0x00000000eb080000)
 ParOldGen       total 280576K, used 280306K [0x00000000c0000000, 0x00000000d1200000, 0x00000000eab00000)
  object space 280576K, 99% used [0x00000000c0000000,0x00000000d11bc9b8,0x00000000d1200000)
 Metaspace       used 71075K, committed 72576K, reserved 1114112K
  class space    used 8579K, committed 9216K, reserved 1048576K
}
Event: 35.876 GC heap after
{Heap after GC invocations=209 (full 3):
 PSYoungGen      total 4096K, used 700K [0x00000000eab00000, 0x00000000eb080000, 0x0000000100000000)
  eden space 3072K, 0% used [0x00000000eab00000,0x00000000eab00000,0x00000000eae00000)
  from space 1024K, 68% used [0x00000000eaf80000,0x00000000eb02f0c8,0x00000000eb080000)
  to   space 1024K, 0% used [0x00000000eae00000,0x00000000eae00000,0x00000000eaf00000)
 ParOldGen       total 281088K, used 280975K [0x00000000c0000000, 0x00000000d1280000, 0x00000000eab00000)
  object space 281088K, 99% used [0x00000000c0000000,0x00000000d1263d80,0x00000000d1280000)
 Metaspace       used 71075K, committed 72576K, reserved 1114112K
  class space    used 8579K, committed 9216K, reserved 1048576K
}
Event: 35.879 GC heap before
{Heap before GC invocations=210 (full 3):
 PSYoungGen      total 4096K, used 3772K [0x00000000eab00000, 0x00000000eb080000, 0x0000000100000000)
  eden space 3072K, 100% used [0x00000000eab00000,0x00000000eae00000,0x00000000eae00000)
  from space 1024K, 68% used [0x00000000eaf80000,0x00000000eb02f0c8,0x00000000eb080000)
  to   space 1024K, 0% used [0x00000000eae00000,0x00000000eae00000,0x00000000eaf00000)
 ParOldGen       total 281088K, used 280975K [0x00000000c0000000, 0x00000000d1280000, 0x00000000eab00000)
  object space 281088K, 99% used [0x00000000c0000000,0x00000000d1263d80,0x00000000d1280000)
 Metaspace       used 71130K, committed 72576K, reserved 1114112K
  class space    used 8585K, committed 9216K, reserved 1048576K
}
Event: 35.880 GC heap after
{Heap after GC invocations=210 (full 3):
 PSYoungGen      total 4096K, used 836K [0x00000000eab00000, 0x00000000eb100000, 0x0000000100000000)
  eden space 3072K, 0% used [0x00000000eab00000,0x00000000eab00000,0x00000000eae00000)
  from space 1024K, 81% used [0x00000000eae00000,0x00000000eaed1118,0x00000000eaf00000)
  to   space 1024K, 0% used [0x00000000eb000000,0x00000000eb000000,0x00000000eb100000)
 ParOldGen       total 281600K, used 281588K [0x00000000c0000000, 0x00000000d1300000, 0x00000000eab00000)
  object space 281600K, 99% used [0x00000000c0000000,0x00000000d12fd268,0x00000000d1300000)
 Metaspace       used 71130K, committed 72576K, reserved 1114112K
  class space    used 8585K, committed 9216K, reserved 1048576K
}
Event: 35.885 GC heap before
{Heap before GC invocations=211 (full 3):
 PSYoungGen      total 4096K, used 3908K [0x00000000eab00000, 0x00000000eb100000, 0x0000000100000000)
  eden space 3072K, 100% used [0x00000000eab00000,0x00000000eae00000,0x00000000eae00000)
  from space 1024K, 81% used [0x00000000eae00000,0x00000000eaed1118,0x00000000eaf00000)
  to   space 1024K, 0% used [0x00000000eb000000,0x00000000eb000000,0x00000000eb100000)
 ParOldGen       total 281600K, used 281588K [0x00000000c0000000, 0x00000000d1300000, 0x00000000eab00000)
  object space 281600K, 99% used [0x00000000c0000000,0x00000000d12fd268,0x00000000d1300000)
 Metaspace       used 71195K, committed 72704K, reserved 1114112K
  class space    used 8593K, committed 9280K, reserved 1048576K
}
Event: 35.886 GC heap after
{Heap after GC invocations=211 (full 3):
 PSYoungGen      total 4096K, used 721K [0x00000000eab00000, 0x00000000eb100000, 0x0000000100000000)
  eden space 3072K, 0% used [0x00000000eab00000,0x00000000eab00000,0x00000000eae00000)
  from space 1024K, 70% used [0x00000000eb000000,0x00000000eb0b4750,0x00000000eb100000)
  to   space 1024K, 0% used [0x00000000eae00000,0x00000000eae00000,0x00000000eaf00000)
 ParOldGen       total 282624K, used 282253K [0x00000000c0000000, 0x00000000d1400000, 0x00000000eab00000)
  object space 282624K, 99% used [0x00000000c0000000,0x00000000d13a3430,0x00000000d1400000)
 Metaspace       used 71195K, committed 72704K, reserved 1114112K
  class space    used 8593K, committed 9280K, reserved 1048576K
}
Event: 35.890 GC heap before
{Heap before GC invocations=212 (full 3):
 PSYoungGen      total 4096K, used 3793K [0x00000000eab00000, 0x00000000eb100000, 0x0000000100000000)
  eden space 3072K, 100% used [0x00000000eab00000,0x00000000eae00000,0x00000000eae00000)
  from space 1024K, 70% used [0x00000000eb000000,0x00000000eb0b4750,0x00000000eb100000)
  to   space 1024K, 0% used [0x00000000eae00000,0x00000000eae00000,0x00000000eaf00000)
 ParOldGen       total 282624K, used 282253K [0x00000000c0000000, 0x00000000d1400000, 0x00000000eab00000)
  object space 282624K, 99% used [0x00000000c0000000,0x00000000d13a3430,0x00000000d1400000)
 Metaspace       used 71234K, committed 72768K, reserved 1114112K
  class space    used 8601K, committed 9280K, reserved 1048576K
}
Event: 35.891 GC heap after
{Heap after GC invocations=212 (full 3):
 PSYoungGen      total 4096K, used 753K [0x00000000eab00000, 0x00000000eb080000, 0x0000000100000000)
  eden space 3072K, 0% used [0x00000000eab00000,0x00000000eab00000,0x00000000eae00000)
  from space 1024K, 73% used [0x00000000eae00000,0x00000000eaebc610,0x00000000eaf00000)
  to   space 1024K, 0% used [0x00000000eaf80000,0x00000000eaf80000,0x00000000eb080000)
 ParOldGen       total 283136K, used 282830K [0x00000000c0000000, 0x00000000d1480000, 0x00000000eab00000)
  object space 283136K, 99% used [0x00000000c0000000,0x00000000d1433858,0x00000000d1480000)
 Metaspace       used 71234K, committed 72768K, reserved 1114112K
  class space    used 8601K, committed 9280K, reserved 1048576K
}
Event: 35.897 GC heap before
{Heap before GC invocations=213 (full 3):
 PSYoungGen      total 4096K, used 3825K [0x00000000eab00000, 0x00000000eb080000, 0x0000000100000000)
  eden space 3072K, 99% used [0x00000000eab00000,0x00000000eadfff60,0x00000000eae00000)
  from space 1024K, 73% used [0x00000000eae00000,0x00000000eaebc610,0x00000000eaf00000)
  to   space 1024K, 0% used [0x00000000eaf80000,0x00000000eaf80000,0x00000000eb080000)
 ParOldGen       total 283136K, used 282830K [0x00000000c0000000, 0x00000000d1480000, 0x00000000eab00000)
  object space 283136K, 99% used [0x00000000c0000000,0x00000000d1433858,0x00000000d1480000)
 Metaspace       used 71281K, committed 72768K, reserved 1114112K
  class space    used 8610K, committed 9280K, reserved 1048576K
}
Event: 35.899 GC heap after
{Heap after GC invocations=213 (full 3):
 PSYoungGen      total 4096K, used 817K [0x00000000eab00000, 0x00000000eb080000, 0x0000000100000000)
  eden space 3072K, 0% used [0x00000000eab00000,0x00000000eab00000,0x00000000eae00000)
  from space 1024K, 79% used [0x00000000eaf80000,0x00000000eb04c740,0x00000000eb080000)
  to   space 1024K, 0% used [0x00000000eae00000,0x00000000eae00000,0x00000000eaf00000)
 ParOldGen       total 283648K, used 283443K [0x00000000c0000000, 0x00000000d1500000, 0x00000000eab00000)
  object space 283648K, 99% used [0x00000000c0000000,0x00000000d14ccfa0,0x00000000d1500000)
 Metaspace       used 71281K, committed 72768K, reserved 1114112K
  class space    used 8610K, committed 9280K, reserved 1048576K
}
Event: 35.904 GC heap before
{Heap before GC invocations=214 (full 3):
 PSYoungGen      total 4096K, used 3889K [0x00000000eab00000, 0x00000000eb080000, 0x0000000100000000)
  eden space 3072K, 100% used [0x00000000eab00000,0x00000000eae00000,0x00000000eae00000)
  from space 1024K, 79% used [0x00000000eaf80000,0x00000000eb04c740,0x00000000eb080000)
  to   space 1024K, 0% used [0x00000000eae00000,0x00000000eae00000,0x00000000eaf00000)
 ParOldGen       total 283648K, used 283443K [0x00000000c0000000, 0x00000000d1500000, 0x00000000eab00000)
  object space 283648K, 99% used [0x00000000c0000000,0x00000000d14ccfa0,0x00000000d1500000)
 Metaspace       used 71307K, committed 72832K, reserved 1114112K
  class space    used 8612K, committed 9280K, reserved 1048576K
}
Event: 35.906 GC heap after
{Heap after GC invocations=214 (full 3):
 PSYoungGen      total 4096K, used 910K [0x00000000eab00000, 0x00000000eb000000, 0x0000000100000000)
  eden space 3072K, 0% used [0x00000000eab00000,0x00000000eab00000,0x00000000eae00000)
  from space 1024K, 88% used [0x00000000eae00000,0x00000000eaee3ae0,0x00000000eaf00000)
  to   space 1024K, 0% used [0x00000000eaf00000,0x00000000eaf00000,0x00000000eb000000)
 ParOldGen       total 284160K, used 284102K [0x00000000c0000000, 0x00000000d1580000, 0x00000000eab00000)
  object space 284160K, 99% used [0x00000000c0000000,0x00000000d15719a8,0x00000000d1580000)
 Metaspace       used 71307K, committed 72832K, reserved 1114112K
  class space    used 8612K, committed 9280K, reserved 1048576K
}
Event: 35.912 GC heap before
{Heap before GC invocations=215 (full 3):
 PSYoungGen      total 4096K, used 3982K [0x00000000eab00000, 0x00000000eb000000, 0x0000000100000000)
  eden space 3072K, 100% used [0x00000000eab00000,0x00000000eae00000,0x00000000eae00000)
  from space 1024K, 88% used [0x00000000eae00000,0x00000000eaee3ae0,0x00000000eaf00000)
  to   space 1024K, 0% used [0x00000000eaf00000,0x00000000eaf00000,0x00000000eb000000)
 ParOldGen       total 284160K, used 284102K [0x00000000c0000000, 0x00000000d1580000, 0x00000000eab00000)
  object space 284160K, 99% used [0x00000000c0000000,0x00000000d15719a8,0x00000000d1580000)
 Metaspace       used 71316K, committed 72832K, reserved 1114112K
  class space    used 8613K, committed 9280K, reserved 1048576K
}
Event: 35.913 GC heap after
{Heap after GC invocations=215 (full 3):
 PSYoungGen      total 4096K, used 856K [0x00000000eab00000, 0x00000000eb000000, 0x0000000100000000)
  eden space 3072K, 0% used [0x00000000eab00000,0x00000000eab00000,0x00000000eae00000)
  from space 1024K, 83% used [0x00000000eaf00000,0x00000000eafd62d0,0x00000000eb000000)
  to   space 1024K, 0% used [0x00000000eae00000,0x00000000eae00000,0x00000000eaf00000)
 ParOldGen       total 285184K, used 284907K [0x00000000c0000000, 0x00000000d1680000, 0x00000000eab00000)
  object space 285184K, 99% used [0x00000000c0000000,0x00000000d163ae48,0x00000000d1680000)
 Metaspace       used 71316K, committed 72832K, reserved 1114112K
  class space    used 8613K, committed 9280K, reserved 1048576K
}
Event: 35.920 GC heap before
{Heap before GC invocations=216 (full 3):
 PSYoungGen      total 4096K, used 3928K [0x00000000eab00000, 0x00000000eb000000, 0x0000000100000000)
  eden space 3072K, 100% used [0x00000000eab00000,0x00000000eae00000,0x00000000eae00000)
  from space 1024K, 83% used [0x00000000eaf00000,0x00000000eafd62d0,0x00000000eb000000)
  to   space 1024K, 0% used [0x00000000eae00000,0x00000000eae00000,0x00000000eaf00000)
 ParOldGen       total 285184K, used 284907K [0x00000000c0000000, 0x00000000d1680000, 0x00000000eab00000)
  object space 285184K, 99% used [0x00000000c0000000,0x00000000d163ae48,0x00000000d1680000)
 Metaspace       used 71342K, committed 72832K, reserved 1114112K
  class space    used 8619K, committed 9280K, reserved 1048576K
}
Event: 35.922 GC heap after
{Heap after GC invocations=216 (full 3):
 PSYoungGen      total 4096K, used 768K [0x00000000eab00000, 0x00000000eb100000, 0x0000000100000000)
  eden space 3072K, 0% used [0x00000000eab00000,0x00000000eab00000,0x00000000eae00000)
  from space 1024K, 75% used [0x00000000eae00000,0x00000000eaec03e0,0x00000000eaf00000)
  to   space 1024K, 0% used [0x00000000eb000000,0x00000000eb000000,0x00000000eb100000)
 ParOldGen       total 285696K, used 285650K [0x00000000c0000000, 0x00000000d1700000, 0x00000000eab00000)
  object space 285696K, 99% used [0x00000000c0000000,0x00000000d16f4870,0x00000000d1700000)
 Metaspace       used 71342K, committed 72832K, reserved 1114112K
  class space    used 8619K, committed 9280K, reserved 1048576K
}
Event: 35.930 GC heap before
{Heap before GC invocations=217 (full 3):
 PSYoungGen      total 4096K, used 3840K [0x00000000eab00000, 0x00000000eb100000, 0x0000000100000000)
  eden space 3072K, 100% used [0x00000000eab00000,0x00000000eae00000,0x00000000eae00000)
  from space 1024K, 75% used [0x00000000eae00000,0x00000000eaec03e0,0x00000000eaf00000)
  to   space 1024K, 0% used [0x00000000eb000000,0x00000000eb000000,0x00000000eb100000)
 ParOldGen       total 285696K, used 285650K [0x00000000c0000000, 0x00000000d1700000, 0x00000000eab00000)
  object space 285696K, 99% used [0x00000000c0000000,0x00000000d16f4870,0x00000000d1700000)
 Metaspace       used 71375K, committed 72832K, reserved 1114112K
  class space    used 8625K, committed 9280K, reserved 1048576K
}
Event: 35.932 GC heap after
{Heap after GC invocations=217 (full 3):
 PSYoungGen      total 5120K, used 768K [0x00000000eab00000, 0x00000000eb100000, 0x0000000100000000)
  eden space 4096K, 0% used [0x00000000eab00000,0x00000000eab00000,0x00000000eaf00000)
  from space 1024K, 75% used [0x00000000eb000000,0x00000000eb0c0000,0x00000000eb100000)
  to   space 1024K, 0% used [0x00000000eaf00000,0x00000000eaf00000,0x00000000eb000000)
 ParOldGen       total 286720K, used 286335K [0x00000000c0000000, 0x00000000d1800000, 0x00000000eab00000)
  object space 286720K, 99% used [0x00000000c0000000,0x00000000d179fc38,0x00000000d1800000)
 Metaspace       used 71375K, committed 72832K, reserved 1114112K
  class space    used 8625K, committed 9280K, reserved 1048576K
}
Event: 35.946 GC heap before
{Heap before GC invocations=218 (full 3):
 PSYoungGen      total 5120K, used 4864K [0x00000000eab00000, 0x00000000eb100000, 0x0000000100000000)
  eden space 4096K, 100% used [0x00000000eab00000,0x00000000eaf00000,0x00000000eaf00000)
  from space 1024K, 75% used [0x00000000eb000000,0x00000000eb0c0000,0x00000000eb100000)
  to   space 1024K, 0% used [0x00000000eaf00000,0x00000000eaf00000,0x00000000eb000000)
 ParOldGen       total 286720K, used 286335K [0x00000000c0000000, 0x00000000d1800000, 0x00000000eab00000)
  object space 286720K, 99% used [0x00000000c0000000,0x00000000d179fc38,0x00000000d1800000)
 Metaspace       used 71388K, committed 72832K, reserved 1114112K
  class space    used 8626K, committed 9280K, reserved 1048576K
}
Event: 35.948 GC heap after
{Heap after GC invocations=218 (full 3):
 PSYoungGen      total 5120K, used 1013K [0x00000000eab00000, 0x00000000eb300000, 0x0000000100000000)
  eden space 4096K, 0% used [0x00000000eab00000,0x00000000eab00000,0x00000000eaf00000)
  from space 1024K, 98% used [0x00000000eaf00000,0x00000000eaffd468,0x00000000eb000000)
  to   space 2048K, 0% used [0x00000000eb100000,0x00000000eb100000,0x00000000eb300000)
 ParOldGen       total 287232K, used 287031K [0x00000000c0000000, 0x00000000d1880000, 0x00000000eab00000)
  object space 287232K, 99% used [0x00000000c0000000,0x00000000d184df58,0x00000000d1880000)
 Metaspace       used 71388K, committed 72832K, reserved 1114112K
  class space    used 8626K, committed 9280K, reserved 1048576K
}

