# JRE version: Java(TM) SE Runtime Environment (21.0.6+8) (build 21.0.6+8-LTS-188)
# Java VM: Java HotSpot(TM) 64-Bit Server VM (21.0.6+8-LTS-188, mixed mode, sharing, tiered, compressed oops, compressed class ptrs, g1 gc, windows-amd64)
GC Precious Log:
 CardTable entry size: 512
 Card Set container configuration: InlinePtr #cards 5 size 8 Array Of Cards #cards 12 size 40 Howl #buckets 4 coarsen threshold 1843 Howl Bitmap #cards 512 size 80 coarsen threshold 460 Card regions per heap region 1 cards per card region 2048
 CPUs: 8 total, 8 available
 Memory: 16107M
 Large Page Support: Disabled
 NUMA Support: Disabled
 Compressed Oops: Enabled (32-bit)
 Heap Region Size: 1M
 Heap Min Capacity: 256M
 Heap Initial Capacity: 256M
 Heap Max Capacity: 512M
 Pre-touch: Disabled
 Parallel Workers: 8
 Concurrent Workers: 2
 Concurrent Refinement Workers: 8
 Periodic GC: Disabled
Heap:
 garbage-first heap   total 262144K, used 174124K [0x00000000e0000000, 0x0000000100000000)
  region size 1024K, 112 young (114688K), 8 survivors (8192K)
 Metaspace       used 70016K, committed 71936K, reserved 393216K
  class space    used 9379K, committed 10304K, reserved 327680K
GC Heap History (20 events):
Event: 1.418 GC heap before
{Heap before GC invocations=2 (full 0):
 garbage-first heap   total 262144K, used 67344K [0x00000000e0000000, 0x0000000100000000)
  region size 1024K, 58 young (59392K), 5 survivors (5120K)
 Metaspace       used 7939K, committed 8192K, reserved 393216K
  class space    used 1037K, committed 1152K, reserved 327680K
}
Event: 1.423 GC heap after
{Heap after GC invocations=3 (full 0):
 garbage-first heap   total 262144K, used 17863K [0x00000000e0000000, 0x0000000100000000)
  region size 1024K, 8 young (8192K), 8 survivors (8192K)
 Metaspace       used 7939K, committed 8192K, reserved 393216K
  class space    used 1037K, committed 1152K, reserved 327680K
}
Event: 2.406 GC heap before
{Heap before GC invocations=3 (full 0):
 garbage-first heap   total 262144K, used 93639K [0x00000000e0000000, 0x0000000100000000)
  region size 1024K, 83 young (84992K), 8 survivors (8192K)
 Metaspace       used 20806K, committed 21504K, reserved 393216K
  class space    used 2970K, committed 3328K, reserved 327680K
}
Event: 2.413 GC heap after
{Heap after GC invocations=4 (full 0):
 garbage-first heap   total 262144K, used 24007K [0x00000000e0000000, 0x0000000100000000)
  region size 1024K, 14 young (14336K), 14 survivors (14336K)
 Metaspace       used 20806K, committed 21504K, reserved 393216K
  class space    used 2970K, committed 3328K, reserved 327680K
}
Event: 3.788 GC heap before
{Heap before GC invocations=5 (full 0):
 garbage-first heap   total 262144K, used 158151K [0x00000000e0000000, 0x0000000100000000)
  region size 1024K, 147 young (150528K), 14 survivors (14336K)
 Metaspace       used 34959K, committed 35968K, reserved 393216K
  class space    used 4985K, committed 5440K, reserved 327680K
}
Event: 3.800 GC heap after
{Heap after GC invocations=6 (full 0):
 garbage-first heap   total 262144K, used 33718K [0x00000000e0000000, 0x0000000100000000)
  region size 1024K, 20 young (20480K), 20 survivors (20480K)
 Metaspace       used 34959K, committed 35968K, reserved 393216K
  class space    used 4985K, committed 5440K, reserved 327680K
}
Event: 4.835 GC heap before
{Heap before GC invocations=7 (full 0):
 garbage-first heap   total 262144K, used 174006K [0x00000000e0000000, 0x0000000100000000)
  region size 1024K, 153 young (156672K), 20 survivors (20480K)
 Metaspace       used 44069K, committed 45248K, reserved 393216K
  class space    used 6033K, committed 6592K, reserved 327680K
}
Event: 4.862 GC heap after
{Heap after GC invocations=8 (full 0):
 garbage-first heap   total 262144K, used 43505K [0x00000000e0000000, 0x0000000100000000)
  region size 1024K, 20 young (20480K), 20 survivors (20480K)
 Metaspace       used 44069K, committed 45248K, reserved 393216K
  class space    used 6033K, committed 6592K, reserved 327680K
}
Event: 6.029 GC heap before
{Heap before GC invocations=8 (full 0):
 garbage-first heap   total 262144K, used 179697K [0x00000000e0000000, 0x0000000100000000)
  region size 1024K, 153 young (156672K), 20 survivors (20480K)
 Metaspace       used 48353K, committed 49792K, reserved 393216K
  class space    used 6652K, committed 7360K, reserved 327680K
}
Event: 6.040 GC heap after
{Heap after GC invocations=9 (full 0):
 garbage-first heap   total 262144K, used 49888K [0x00000000e0000000, 0x0000000100000000)
  region size 1024K, 17 young (17408K), 17 survivors (17408K)
 Metaspace       used 48353K, committed 49792K, reserved 393216K
  class space    used 6652K, committed 7360K, reserved 327680K
}
Event: 6.976 GC heap before
{Heap before GC invocations=9 (full 0):
 garbage-first heap   total 262144K, used 147168K [0x00000000e0000000, 0x0000000100000000)
  region size 1024K, 112 young (114688K), 17 survivors (17408K)
 Metaspace       used 58412K, committed 60096K, reserved 393216K
  class space    used 8033K, committed 8896K, reserved 327680K
}
Event: 6.988 GC heap after
{Heap after GC invocations=10 (full 0):
 garbage-first heap   total 262144K, used 56246K [0x00000000e0000000, 0x0000000100000000)
  region size 1024K, 14 young (14336K), 14 survivors (14336K)
 Metaspace       used 58412K, committed 60096K, reserved 393216K
  class space    used 8033K, committed 8896K, reserved 327680K
}
Event: 13.270 GC heap before
{Heap before GC invocations=11 (full 0):
 garbage-first heap   total 262144K, used 197558K [0x00000000e0000000, 0x0000000100000000)
  region size 1024K, 153 young (156672K), 14 survivors (14336K)
 Metaspace       used 68301K, committed 70144K, reserved 393216K
  class space    used 9247K, committed 10176K, reserved 327680K
}
Event: 13.285 GC heap after
{Heap after GC invocations=12 (full 0):
 garbage-first heap   total 262144K, used 62789K [0x00000000e0000000, 0x0000000100000000)
  region size 1024K, 13 young (13312K), 13 survivors (13312K)
 Metaspace       used 68301K, committed 70144K, reserved 393216K
  class space    used 9247K, committed 10176K, reserved 327680K
}
Event: 15.281 GC heap before
{Heap before GC invocations=12 (full 0):
 garbage-first heap   total 262144K, used 205125K [0x00000000e0000000, 0x0000000100000000)
  region size 1024K, 153 young (156672K), 13 survivors (13312K)
 Metaspace       used 69621K, committed 71488K, reserved 393216K
  class space    used 9377K, committed 10304K, reserved 327680K
}
Event: 15.303 GC heap after
{Heap after GC invocations=13 (full 0):
 garbage-first heap   total 262144K, used 69118K [0x00000000e0000000, 0x0000000100000000)
  region size 1024K, 14 young (14336K), 14 survivors (14336K)
 Metaspace       used 69621K, committed 71488K, reserved 393216K
  class space    used 9377K, committed 10304K, reserved 327680K
}
Event: 15.956 GC heap before
{Heap before GC invocations=13 (full 0):
 garbage-first heap   total 262144K, used 211454K [0x00000000e0000000, 0x0000000100000000)
  region size 1024K, 155 young (158720K), 14 survivors (14336K)
 Metaspace       used 69824K, committed 71680K, reserved 393216K
  class space    used 9378K, committed 10304K, reserved 327680K
}
Event: 15.964 GC heap after
{Heap after GC invocations=14 (full 0):
 garbage-first heap   total 262144K, used 70660K [0x00000000e0000000, 0x0000000100000000)
  region size 1024K, 9 young (9216K), 9 survivors (9216K)
 Metaspace       used 69824K, committed 71680K, reserved 393216K
  class space    used 9378K, committed 10304K, reserved 327680K
}
Event: 16.759 GC heap before
{Heap before GC invocations=14 (full 0):
 garbage-first heap   total 262144K, used 217092K [0x00000000e0000000, 0x0000000100000000)
  region size 1024K, 154 young (157696K), 9 survivors (9216K)
 Metaspace       used 69877K, committed 71744K, reserved 393216K
  class space    used 9378K, committed 10304K, reserved 327680K
}
Event: 16.763 GC heap after
{Heap after GC invocations=15 (full 0):
 garbage-first heap   total 262144K, used 69676K [0x00000000e0000000, 0x0000000100000000)
  region size 1024K, 8 young (8192K), 8 survivors (8192K)
 Metaspace       used 69877K, committed 71744K, reserved 393216K
  class space    used 9378K, committed 10304K, reserved 327680K
}

