# JRE version: OpenJDK Runtime Environment Temurin-21.0.7+6 (21.0.7+6) (build 21.0.7+6-LTS)
# Java VM: OpenJDK 64-Bit Server VM Temurin-21.0.7+6 (21.0.7+6-LTS, mixed mode, sharing, tiered, compressed oops, compressed class ptrs, parallel gc, windows-amd64)
GC Precious Log:
 CardTable entry size: 512
 CPUs: 8 total, 8 available
 Memory: 16107M
 Large Page Support: Disabled
 NUMA Support: Disabled
 Compressed Oops: Enabled (32-bit)
 Alignments: Space 512K, Generation 512K, Heap 2M
 Heap Min Capacity: 100M
 Heap Initial Capacity: 100M
 Heap Max Capacity: 1G
 Pre-touch: Disabled
 Parallel Workers: 8
Heap:
 PSYoungGen      total 4096K, used 3793K [0x00000000eab00000, 0x00000000eb000000, 0x0000000100000000)
  eden space 3072K, 100% used [0x00000000eab00000,0x00000000eae00000,0x00000000eae00000)
  from space 1024K, 70% used [0x00000000eaf00000,0x00000000eafb4740,0x00000000eb000000)
  to   space 1024K, 70% used [0x00000000eae00000,0x00000000eaeb4530,0x00000000eaf00000)
 ParOldGen       total 151552K, used 151459K [0x00000000c0000000, 0x00000000c9400000, 0x00000000eab00000)
  object space 151552K, 99% used [0x00000000c0000000,0x00000000c93e8f50,0x00000000c9400000)
 Metaspace       used 61325K, committed 62656K, reserved 1114112K
  class space    used 6623K, committed 7168K, reserved 1048576K
GC Heap History (20 events):
Event: 11.494 GC heap before
{Heap before GC invocations=132 (full 3):
 PSYoungGen      total 3584K, used 3141K [0x00000000eab00000, 0x00000000eaf80000, 0x0000000100000000)
  eden space 2560K, 100% used [0x00000000eab00000,0x00000000ead80000,0x00000000ead80000)
  from space 1024K, 56% used [0x00000000eae80000,0x00000000eaf11450,0x00000000eaf80000)
  to   space 1024K, 0% used [0x00000000ead80000,0x00000000ead80000,0x00000000eae80000)
 ParOldGen       total 145920K, used 145865K [0x00000000c0000000, 0x00000000c8e80000, 0x00000000eab00000)
  object space 145920K, 99% used [0x00000000c0000000,0x00000000c8e72650,0x00000000c8e80000)
 Metaspace       used 60765K, committed 62144K, reserved 1114112K
  class space    used 6534K, committed 7104K, reserved 1048576K
}
Event: 11.495 GC heap after
{Heap after GC invocations=132 (full 3):
 PSYoungGen      total 3584K, used 480K [0x00000000eab00000, 0x00000000eaf80000, 0x0000000100000000)
  eden space 2560K, 0% used [0x00000000eab00000,0x00000000eab00000,0x00000000ead80000)
  from space 1024K, 46% used [0x00000000ead80000,0x00000000eadf8000,0x00000000eae80000)
  to   space 1024K, 0% used [0x00000000eae80000,0x00000000eae80000,0x00000000eaf80000)
 ParOldGen       total 146432K, used 146352K [0x00000000c0000000, 0x00000000c8f00000, 0x00000000eab00000)
  object space 146432K, 99% used [0x00000000c0000000,0x00000000c8eec0c0,0x00000000c8f00000)
 Metaspace       used 60765K, committed 62144K, reserved 1114112K
  class space    used 6534K, committed 7104K, reserved 1048576K
}
Event: 11.509 GC heap before
{Heap before GC invocations=133 (full 3):
 PSYoungGen      total 3584K, used 3040K [0x00000000eab00000, 0x00000000eaf80000, 0x0000000100000000)
  eden space 2560K, 100% used [0x00000000eab00000,0x00000000ead80000,0x00000000ead80000)
  from space 1024K, 46% used [0x00000000ead80000,0x00000000eadf8000,0x00000000eae80000)
  to   space 1024K, 0% used [0x00000000eae80000,0x00000000eae80000,0x00000000eaf80000)
 ParOldGen       total 146432K, used 146352K [0x00000000c0000000, 0x00000000c8f00000, 0x00000000eab00000)
  object space 146432K, 99% used [0x00000000c0000000,0x00000000c8eec0c0,0x00000000c8f00000)
 Metaspace       used 60854K, committed 62208K, reserved 1114112K
  class space    used 6551K, committed 7104K, reserved 1048576K
}
Event: 11.512 GC heap after
{Heap after GC invocations=133 (full 3):
 PSYoungGen      total 3072K, used 480K [0x00000000eab00000, 0x00000000eaf00000, 0x0000000100000000)
  eden space 2560K, 0% used [0x00000000eab00000,0x00000000eab00000,0x00000000ead80000)
  from space 512K, 93% used [0x00000000eae80000,0x00000000eaef8000,0x00000000eaf00000)
  to   space 512K, 0% used [0x00000000eae00000,0x00000000eae00000,0x00000000eae80000)
 ParOldGen       total 146944K, used 146668K [0x00000000c0000000, 0x00000000c8f80000, 0x00000000eab00000)
  object space 146944K, 99% used [0x00000000c0000000,0x00000000c8f3b2b0,0x00000000c8f80000)
 Metaspace       used 60854K, committed 62208K, reserved 1114112K
  class space    used 6551K, committed 7104K, reserved 1048576K
}
Event: 11.520 GC heap before
{Heap before GC invocations=134 (full 3):
 PSYoungGen      total 3072K, used 3040K [0x00000000eab00000, 0x00000000eaf00000, 0x0000000100000000)
  eden space 2560K, 100% used [0x00000000eab00000,0x00000000ead80000,0x00000000ead80000)
  from space 512K, 93% used [0x00000000eae80000,0x00000000eaef8000,0x00000000eaf00000)
  to   space 512K, 0% used [0x00000000eae00000,0x00000000eae00000,0x00000000eae80000)
 ParOldGen       total 146944K, used 146668K [0x00000000c0000000, 0x00000000c8f80000, 0x00000000eab00000)
  object space 146944K, 99% used [0x00000000c0000000,0x00000000c8f3b2b0,0x00000000c8f80000)
 Metaspace       used 60902K, committed 62208K, reserved 1114112K
  class space    used 6558K, committed 7104K, reserved 1048576K
}
Event: 11.526 GC heap after
{Heap after GC invocations=134 (full 3):
 PSYoungGen      total 3584K, used 482K [0x00000000eab00000, 0x00000000eb100000, 0x0000000100000000)
  eden space 3072K, 0% used [0x00000000eab00000,0x00000000eab00000,0x00000000eae00000)
  from space 512K, 94% used [0x00000000eae00000,0x00000000eae78bc0,0x00000000eae80000)
  to   space 1536K, 0% used [0x00000000eaf80000,0x00000000eaf80000,0x00000000eb100000)
 ParOldGen       total 147456K, used 147172K [0x00000000c0000000, 0x00000000c9000000, 0x00000000eab00000)
  object space 147456K, 99% used [0x00000000c0000000,0x00000000c8fb91e0,0x00000000c9000000)
 Metaspace       used 60902K, committed 62208K, reserved 1114112K
  class space    used 6558K, committed 7104K, reserved 1048576K
}
Event: 11.549 GC heap before
{Heap before GC invocations=135 (full 3):
 PSYoungGen      total 3584K, used 3554K [0x00000000eab00000, 0x00000000eb100000, 0x0000000100000000)
  eden space 3072K, 100% used [0x00000000eab00000,0x00000000eae00000,0x00000000eae00000)
  from space 512K, 94% used [0x00000000eae00000,0x00000000eae78bc0,0x00000000eae80000)
  to   space 1536K, 0% used [0x00000000eaf80000,0x00000000eaf80000,0x00000000eb100000)
 ParOldGen       total 147456K, used 147172K [0x00000000c0000000, 0x00000000c9000000, 0x00000000eab00000)
  object space 147456K, 99% used [0x00000000c0000000,0x00000000c8fb91e0,0x00000000c9000000)
 Metaspace       used 61008K, committed 62272K, reserved 1114112K
  class space    used 6579K, committed 7104K, reserved 1048576K
}
Event: 11.551 GC heap after
{Heap after GC invocations=135 (full 3):
 PSYoungGen      total 4096K, used 551K [0x00000000eab00000, 0x00000000eb080000, 0x0000000100000000)
  eden space 3072K, 0% used [0x00000000eab00000,0x00000000eab00000,0x00000000eae00000)
  from space 1024K, 53% used [0x00000000eaf80000,0x00000000eb009fa8,0x00000000eb080000)
  to   space 1024K, 0% used [0x00000000eae80000,0x00000000eae80000,0x00000000eaf80000)
 ParOldGen       total 147968K, used 147620K [0x00000000c0000000, 0x00000000c9080000, 0x00000000eab00000)
  object space 147968K, 99% used [0x00000000c0000000,0x00000000c9029110,0x00000000c9080000)
 Metaspace       used 61008K, committed 62272K, reserved 1114112K
  class space    used 6579K, committed 7104K, reserved 1048576K
}
Event: 11.559 GC heap before
{Heap before GC invocations=136 (full 3):
 PSYoungGen      total 4096K, used 3623K [0x00000000eab00000, 0x00000000eb080000, 0x0000000100000000)
  eden space 3072K, 100% used [0x00000000eab00000,0x00000000eae00000,0x00000000eae00000)
  from space 1024K, 53% used [0x00000000eaf80000,0x00000000eb009fa8,0x00000000eb080000)
  to   space 1024K, 0% used [0x00000000eae80000,0x00000000eae80000,0x00000000eaf80000)
 ParOldGen       total 147968K, used 147620K [0x00000000c0000000, 0x00000000c9080000, 0x00000000eab00000)
  object space 147968K, 99% used [0x00000000c0000000,0x00000000c9029110,0x00000000c9080000)
 Metaspace       used 61008K, committed 62272K, reserved 1114112K
  class space    used 6579K, committed 7104K, reserved 1048576K
}
Event: 11.561 GC heap after
{Heap after GC invocations=136 (full 3):
 PSYoungGen      total 4096K, used 700K [0x00000000eab00000, 0x00000000eb000000, 0x0000000100000000)
  eden space 3072K, 0% used [0x00000000eab00000,0x00000000eab00000,0x00000000eae00000)
  from space 1024K, 68% used [0x00000000eae80000,0x00000000eaf2f250,0x00000000eaf80000)
  to   space 512K, 0% used [0x00000000eaf80000,0x00000000eaf80000,0x00000000eb000000)
 ParOldGen       total 148480K, used 148052K [0x00000000c0000000, 0x00000000c9100000, 0x00000000eab00000)
  object space 148480K, 99% used [0x00000000c0000000,0x00000000c90950b8,0x00000000c9100000)
 Metaspace       used 61008K, committed 62272K, reserved 1114112K
  class space    used 6579K, committed 7104K, reserved 1048576K
}
Event: 11.571 GC heap before
{Heap before GC invocations=137 (full 3):
 PSYoungGen      total 4096K, used 3772K [0x00000000eab00000, 0x00000000eb000000, 0x0000000100000000)
  eden space 3072K, 99% used [0x00000000eab00000,0x00000000eadffdb8,0x00000000eae00000)
  from space 1024K, 68% used [0x00000000eae80000,0x00000000eaf2f250,0x00000000eaf80000)
  to   space 512K, 0% used [0x00000000eaf80000,0x00000000eaf80000,0x00000000eb000000)
 ParOldGen       total 148480K, used 148052K [0x00000000c0000000, 0x00000000c9100000, 0x00000000eab00000)
  object space 148480K, 99% used [0x00000000c0000000,0x00000000c90950b8,0x00000000c9100000)
 Metaspace       used 61008K, committed 62272K, reserved 1114112K
  class space    used 6579K, committed 7104K, reserved 1048576K
}
Event: 11.572 GC heap after
{Heap after GC invocations=137 (full 3):
 PSYoungGen      total 3584K, used 498K [0x00000000eab00000, 0x00000000eb100000, 0x0000000100000000)
  eden space 3072K, 0% used [0x00000000eab00000,0x00000000eab00000,0x00000000eae00000)
  from space 512K, 97% used [0x00000000eaf80000,0x00000000eaffca48,0x00000000eb000000)
  to   space 1536K, 0% used [0x00000000eae00000,0x00000000eae00000,0x00000000eaf80000)
 ParOldGen       total 148992K, used 148675K [0x00000000c0000000, 0x00000000c9180000, 0x00000000eab00000)
  object space 148992K, 99% used [0x00000000c0000000,0x00000000c9130d30,0x00000000c9180000)
 Metaspace       used 61008K, committed 62272K, reserved 1114112K
  class space    used 6579K, committed 7104K, reserved 1048576K
}
Event: 11.583 GC heap before
{Heap before GC invocations=138 (full 3):
 PSYoungGen      total 3584K, used 3570K [0x00000000eab00000, 0x00000000eb100000, 0x0000000100000000)
  eden space 3072K, 100% used [0x00000000eab00000,0x00000000eae00000,0x00000000eae00000)
  from space 512K, 97% used [0x00000000eaf80000,0x00000000eaffca48,0x00000000eb000000)
  to   space 1536K, 0% used [0x00000000eae00000,0x00000000eae00000,0x00000000eaf80000)
 ParOldGen       total 148992K, used 148675K [0x00000000c0000000, 0x00000000c9180000, 0x00000000eab00000)
  object space 148992K, 99% used [0x00000000c0000000,0x00000000c9130d30,0x00000000c9180000)
 Metaspace       used 61009K, committed 62272K, reserved 1114112K
  class space    used 6579K, committed 7104K, reserved 1048576K
}
Event: 11.585 GC heap after
{Heap after GC invocations=138 (full 3):
 PSYoungGen      total 4096K, used 610K [0x00000000eab00000, 0x00000000eb000000, 0x0000000100000000)
  eden space 3072K, 0% used [0x00000000eab00000,0x00000000eab00000,0x00000000eae00000)
  from space 1024K, 59% used [0x00000000eae00000,0x00000000eae98a60,0x00000000eaf00000)
  to   space 1024K, 0% used [0x00000000eaf00000,0x00000000eaf00000,0x00000000eb000000)
 ParOldGen       total 149504K, used 149136K [0x00000000c0000000, 0x00000000c9200000, 0x00000000eab00000)
  object space 149504K, 99% used [0x00000000c0000000,0x00000000c91a4128,0x00000000c9200000)
 Metaspace       used 61009K, committed 62272K, reserved 1114112K
  class space    used 6579K, committed 7104K, reserved 1048576K
}
Event: 11.598 GC heap before
{Heap before GC invocations=139 (full 3):
 PSYoungGen      total 4096K, used 3682K [0x00000000eab00000, 0x00000000eb000000, 0x0000000100000000)
  eden space 3072K, 100% used [0x00000000eab00000,0x00000000eae00000,0x00000000eae00000)
  from space 1024K, 59% used [0x00000000eae00000,0x00000000eae98a60,0x00000000eaf00000)
  to   space 1024K, 0% used [0x00000000eaf00000,0x00000000eaf00000,0x00000000eb000000)
 ParOldGen       total 149504K, used 149136K [0x00000000c0000000, 0x00000000c9200000, 0x00000000eab00000)
  object space 149504K, 99% used [0x00000000c0000000,0x00000000c91a4128,0x00000000c9200000)
 Metaspace       used 61060K, committed 62336K, reserved 1114112K
  class space    used 6584K, committed 7104K, reserved 1048576K
}
Event: 11.599 GC heap after
{Heap after GC invocations=139 (full 3):
 PSYoungGen      total 4096K, used 788K [0x00000000eab00000, 0x00000000eb000000, 0x0000000100000000)
  eden space 3072K, 0% used [0x00000000eab00000,0x00000000eab00000,0x00000000eae00000)
  from space 1024K, 77% used [0x00000000eaf00000,0x00000000eafc52e8,0x00000000eb000000)
  to   space 1024K, 0% used [0x00000000eae00000,0x00000000eae00000,0x00000000eaf00000)
 ParOldGen       total 150016K, used 149632K [0x00000000c0000000, 0x00000000c9280000, 0x00000000eab00000)
  object space 150016K, 99% used [0x00000000c0000000,0x00000000c9220108,0x00000000c9280000)
 Metaspace       used 61060K, committed 62336K, reserved 1114112K
  class space    used 6584K, committed 7104K, reserved 1048576K
}
Event: 11.609 GC heap before
{Heap before GC invocations=140 (full 3):
 PSYoungGen      total 4096K, used 3860K [0x00000000eab00000, 0x00000000eb000000, 0x0000000100000000)
  eden space 3072K, 100% used [0x00000000eab00000,0x00000000eae00000,0x00000000eae00000)
  from space 1024K, 77% used [0x00000000eaf00000,0x00000000eafc52e8,0x00000000eb000000)
  to   space 1024K, 0% used [0x00000000eae00000,0x00000000eae00000,0x00000000eaf00000)
 ParOldGen       total 150016K, used 149632K [0x00000000c0000000, 0x00000000c9280000, 0x00000000eab00000)
  object space 150016K, 99% used [0x00000000c0000000,0x00000000c9220108,0x00000000c9280000)
 Metaspace       used 61130K, committed 62464K, reserved 1114112K
  class space    used 6595K, committed 7168K, reserved 1048576K
}
Event: 11.612 GC heap after
{Heap after GC invocations=140 (full 3):
 PSYoungGen      total 4096K, used 693K [0x00000000eab00000, 0x00000000eb000000, 0x0000000100000000)
  eden space 3072K, 0% used [0x00000000eab00000,0x00000000eab00000,0x00000000eae00000)
  from space 1024K, 67% used [0x00000000eae00000,0x00000000eaead558,0x00000000eaf00000)
  to   space 1024K, 0% used [0x00000000eaf00000,0x00000000eaf00000,0x00000000eb000000)
 ParOldGen       total 150528K, used 150306K [0x00000000c0000000, 0x00000000c9300000, 0x00000000eab00000)
  object space 150528K, 99% used [0x00000000c0000000,0x00000000c92c8818,0x00000000c9300000)
 Metaspace       used 61130K, committed 62464K, reserved 1114112K
  class space    used 6595K, committed 7168K, reserved 1048576K
}
Event: 11.623 GC heap before
{Heap before GC invocations=141 (full 3):
 PSYoungGen      total 4096K, used 3765K [0x00000000eab00000, 0x00000000eb000000, 0x0000000100000000)
  eden space 3072K, 100% used [0x00000000eab00000,0x00000000eae00000,0x00000000eae00000)
  from space 1024K, 67% used [0x00000000eae00000,0x00000000eaead558,0x00000000eaf00000)
  to   space 1024K, 0% used [0x00000000eaf00000,0x00000000eaf00000,0x00000000eb000000)
 ParOldGen       total 150528K, used 150306K [0x00000000c0000000, 0x00000000c9300000, 0x00000000eab00000)
  object space 150528K, 99% used [0x00000000c0000000,0x00000000c92c8818,0x00000000c9300000)
 Metaspace       used 61229K, committed 62528K, reserved 1114112K
  class space    used 6610K, committed 7168K, reserved 1048576K
}
Event: 11.627 GC heap after
{Heap after GC invocations=141 (full 3):
 PSYoungGen      total 4096K, used 721K [0x00000000eab00000, 0x00000000eb000000, 0x0000000100000000)
  eden space 3072K, 0% used [0x00000000eab00000,0x00000000eab00000,0x00000000eae00000)
  from space 1024K, 70% used [0x00000000eaf00000,0x00000000eafb4740,0x00000000eb000000)
  to   space 1024K, 0% used [0x00000000eae00000,0x00000000eae00000,0x00000000eaf00000)
 ParOldGen       total 151040K, used 150897K [0x00000000c0000000, 0x00000000c9380000, 0x00000000eab00000)
  object space 151040K, 99% used [0x00000000c0000000,0x00000000c935c520,0x00000000c9380000)
 Metaspace       used 61229K, committed 62528K, reserved 1114112K
  class space    used 6610K, committed 7168K, reserved 1048576K
}

