# JRE version: OpenJDK Runtime Environment Temurin-21.0.7+6 (21.0.7+6) (build 21.0.7+6-LTS)
# Java VM: OpenJDK 64-Bit Server VM Temurin-21.0.7+6 (21.0.7+6-LTS, mixed mode, sharing, tiered, compressed oops, compressed class ptrs, parallel gc, windows-amd64)
GC Precious Log:
 CardTable entry size: 512
 CPUs: 8 total, 8 available
 Memory: 16107M
 Large Page Support: Disabled
 NUMA Support: Disabled
 Compressed Oops: Enabled (32-bit)
 Alignments: Space 512K, Generation 512K, Heap 2M
 Heap Min Capacity: 100M
 Heap Initial Capacity: 100M
 Heap Max Capacity: 1G
 Pre-touch: Disabled
 Parallel Workers: 8
Heap:
 PSYoungGen      total 8704K, used 8535K [0x00000000eab00000, 0x00000000eb680000, 0x0000000100000000)
  eden space 6656K, 100% used [0x00000000eab00000,0x00000000eb180000,0x00000000eb180000)
  from space 2048K, 91% used [0x00000000eb180000,0x00000000eb355f78,0x00000000eb380000)
  to   space 2048K, 99% used [0x00000000eb480000,0x00000000eb67d858,0x00000000eb680000)
 ParOldGen       total 342528K, used 342523K [0x00000000c0000000, 0x00000000d4e80000, 0x00000000eab00000)
  object space 342528K, 99% used [0x00000000c0000000,0x00000000d4e7ee88,0x00000000d4e80000)
 Metaspace       used 72149K, committed 73728K, reserved 1114112K
  class space    used 8661K, committed 9344K, reserved 1048576K
GC Heap History (20 events):
Event: 38.081 GC heap after
{Heap after GC invocations=492 (full 3):
 PSYoungGen      total 5120K, used 1000K [0x00000000eab00000, 0x00000000eb400000, 0x0000000100000000)
  eden space 4096K, 0% used [0x00000000eab00000,0x00000000eab00000,0x00000000eaf00000)
  from space 1024K, 97% used [0x00000000eaf00000,0x00000000eaffa370,0x00000000eb000000)
  to   space 2048K, 0% used [0x00000000eb200000,0x00000000eb200000,0x00000000eb400000)
 ParOldGen       total 330752K, used 330510K [0x00000000c0000000, 0x00000000d4300000, 0x00000000eab00000)
  object space 330752K, 99% used [0x00000000c0000000,0x00000000d42c38b8,0x00000000d4300000)
 Metaspace       used 72149K, committed 73728K, reserved 1114112K
  class space    used 8661K, committed 9344K, reserved 1048576K
}
Event: 38.092 GC heap before
{Heap before GC invocations=493 (full 3):
 PSYoungGen      total 5120K, used 5096K [0x00000000eab00000, 0x00000000eb400000, 0x0000000100000000)
  eden space 4096K, 100% used [0x00000000eab00000,0x00000000eaf00000,0x00000000eaf00000)
  from space 1024K, 97% used [0x00000000eaf00000,0x00000000eaffa370,0x00000000eb000000)
  to   space 2048K, 0% used [0x00000000eb200000,0x00000000eb200000,0x00000000eb400000)
 ParOldGen       total 330752K, used 330510K [0x00000000c0000000, 0x00000000d4300000, 0x00000000eab00000)
  object space 330752K, 99% used [0x00000000c0000000,0x00000000d42c38b8,0x00000000d4300000)
 Metaspace       used 72149K, committed 73728K, reserved 1114112K
  class space    used 8661K, committed 9344K, reserved 1048576K
}
Event: 38.094 GC heap after
{Heap after GC invocations=493 (full 3):
 PSYoungGen      total 5632K, used 1056K [0x00000000eab00000, 0x00000000eb380000, 0x0000000100000000)
  eden space 4096K, 0% used [0x00000000eab00000,0x00000000eab00000,0x00000000eaf00000)
  from space 1536K, 68% used [0x00000000eb200000,0x00000000eb308000,0x00000000eb380000)
  to   space 1536K, 0% used [0x00000000eb080000,0x00000000eb080000,0x00000000eb200000)
 ParOldGen       total 331776K, used 331425K [0x00000000c0000000, 0x00000000d4400000, 0x00000000eab00000)
  object space 331776K, 99% used [0x00000000c0000000,0x00000000d43a8728,0x00000000d4400000)
 Metaspace       used 72149K, committed 73728K, reserved 1114112K
  class space    used 8661K, committed 9344K, reserved 1048576K
}
Event: 38.113 GC heap before
{Heap before GC invocations=494 (full 3):
 PSYoungGen      total 5632K, used 5152K [0x00000000eab00000, 0x00000000eb380000, 0x0000000100000000)
  eden space 4096K, 100% used [0x00000000eab00000,0x00000000eaf00000,0x00000000eaf00000)
  from space 1536K, 68% used [0x00000000eb200000,0x00000000eb308000,0x00000000eb380000)
  to   space 1536K, 0% used [0x00000000eb080000,0x00000000eb080000,0x00000000eb200000)
 ParOldGen       total 331776K, used 331425K [0x00000000c0000000, 0x00000000d4400000, 0x00000000eab00000)
  object space 331776K, 99% used [0x00000000c0000000,0x00000000d43a8728,0x00000000d4400000)
 Metaspace       used 72149K, committed 73728K, reserved 1114112K
  class space    used 8661K, committed 9344K, reserved 1048576K
}
Event: 38.115 GC heap after
{Heap after GC invocations=494 (full 3):
 PSYoungGen      total 5632K, used 1268K [0x00000000eab00000, 0x00000000eb280000, 0x0000000100000000)
  eden space 4096K, 0% used [0x00000000eab00000,0x00000000eab00000,0x00000000eaf00000)
  from space 1536K, 82% used [0x00000000eb080000,0x00000000eb1bd280,0x00000000eb200000)
  to   space 512K, 0% used [0x00000000eb200000,0x00000000eb200000,0x00000000eb280000)
 ParOldGen       total 332800K, used 332357K [0x00000000c0000000, 0x00000000d4500000, 0x00000000eab00000)
  object space 332800K, 99% used [0x00000000c0000000,0x00000000d4491740,0x00000000d4500000)
 Metaspace       used 72149K, committed 73728K, reserved 1114112K
  class space    used 8661K, committed 9344K, reserved 1048576K
}
Event: 38.120 GC heap before
{Heap before GC invocations=495 (full 3):
 PSYoungGen      total 5632K, used 5364K [0x00000000eab00000, 0x00000000eb280000, 0x0000000100000000)
  eden space 4096K, 100% used [0x00000000eab00000,0x00000000eaf00000,0x00000000eaf00000)
  from space 1536K, 82% used [0x00000000eb080000,0x00000000eb1bd280,0x00000000eb200000)
  to   space 512K, 0% used [0x00000000eb200000,0x00000000eb200000,0x00000000eb280000)
 ParOldGen       total 332800K, used 332357K [0x00000000c0000000, 0x00000000d4500000, 0x00000000eab00000)
  object space 332800K, 99% used [0x00000000c0000000,0x00000000d4491740,0x00000000d4500000)
 Metaspace       used 72149K, committed 73728K, reserved 1114112K
  class space    used 8661K, committed 9344K, reserved 1048576K
}
Event: 38.122 GC heap after
{Heap after GC invocations=495 (full 3):
 PSYoungGen      total 4608K, used 509K [0x00000000eab00000, 0x00000000eb600000, 0x0000000100000000)
  eden space 4096K, 0% used [0x00000000eab00000,0x00000000eab00000,0x00000000eaf00000)
  from space 512K, 99% used [0x00000000eb200000,0x00000000eb27f598,0x00000000eb280000)
  to   space 3072K, 0% used [0x00000000eaf00000,0x00000000eaf00000,0x00000000eb200000)
 ParOldGen       total 334848K, used 334357K [0x00000000c0000000, 0x00000000d4700000, 0x00000000eab00000)
  object space 334848K, 99% used [0x00000000c0000000,0x00000000d46855b8,0x00000000d4700000)
 Metaspace       used 72149K, committed 73728K, reserved 1114112K
  class space    used 8661K, committed 9344K, reserved 1048576K
}
Event: 38.125 GC heap before
{Heap before GC invocations=496 (full 3):
 PSYoungGen      total 4608K, used 4576K [0x00000000eab00000, 0x00000000eb600000, 0x0000000100000000)
  eden space 4096K, 99% used [0x00000000eab00000,0x00000000eaef8b70,0x00000000eaf00000)
  from space 512K, 99% used [0x00000000eb200000,0x00000000eb27f598,0x00000000eb280000)
  to   space 3072K, 0% used [0x00000000eaf00000,0x00000000eaf00000,0x00000000eb200000)
 ParOldGen       total 334848K, used 334357K [0x00000000c0000000, 0x00000000d4700000, 0x00000000eab00000)
  object space 334848K, 99% used [0x00000000c0000000,0x00000000d46855b8,0x00000000d4700000)
 Metaspace       used 72149K, committed 73728K, reserved 1114112K
  class space    used 8661K, committed 9344K, reserved 1048576K
}
Event: 38.127 GC heap after
{Heap after GC invocations=496 (full 3):
 PSYoungGen      total 7168K, used 1544K [0x00000000eab00000, 0x00000000eb400000, 0x0000000100000000)
  eden space 4096K, 0% used [0x00000000eab00000,0x00000000eab00000,0x00000000eaf00000)
  from space 3072K, 50% used [0x00000000eaf00000,0x00000000eb082320,0x00000000eb200000)
  to   space 2048K, 0% used [0x00000000eb200000,0x00000000eb200000,0x00000000eb400000)
 ParOldGen       total 335360K, used 334902K [0x00000000c0000000, 0x00000000d4780000, 0x00000000eab00000)
  object space 335360K, 99% used [0x00000000c0000000,0x00000000d470d850,0x00000000d4780000)
 Metaspace       used 72149K, committed 73728K, reserved 1114112K
  class space    used 8661K, committed 9344K, reserved 1048576K
}
Event: 38.130 GC heap before
{Heap before GC invocations=497 (full 3):
 PSYoungGen      total 7168K, used 5640K [0x00000000eab00000, 0x00000000eb400000, 0x0000000100000000)
  eden space 4096K, 100% used [0x00000000eab00000,0x00000000eaf00000,0x00000000eaf00000)
  from space 3072K, 50% used [0x00000000eaf00000,0x00000000eb082320,0x00000000eb200000)
  to   space 2048K, 0% used [0x00000000eb200000,0x00000000eb200000,0x00000000eb400000)
 ParOldGen       total 335360K, used 334902K [0x00000000c0000000, 0x00000000d4780000, 0x00000000eab00000)
  object space 335360K, 99% used [0x00000000c0000000,0x00000000d470d850,0x00000000d4780000)
 Metaspace       used 72149K, committed 73728K, reserved 1114112K
  class space    used 8661K, committed 9344K, reserved 1048576K
}
Event: 38.132 GC heap after
{Heap after GC invocations=497 (full 3):
 PSYoungGen      total 7168K, used 1603K [0x00000000eab00000, 0x00000000eb400000, 0x0000000100000000)
  eden space 5120K, 0% used [0x00000000eab00000,0x00000000eab00000,0x00000000eb000000)
  from space 2048K, 78% used [0x00000000eb200000,0x00000000eb390c60,0x00000000eb400000)
  to   space 2048K, 0% used [0x00000000eb000000,0x00000000eb000000,0x00000000eb200000)
 ParOldGen       total 336896K, used 336395K [0x00000000c0000000, 0x00000000d4900000, 0x00000000eab00000)
  object space 336896K, 99% used [0x00000000c0000000,0x00000000d4882f80,0x00000000d4900000)
 Metaspace       used 72149K, committed 73728K, reserved 1114112K
  class space    used 8661K, committed 9344K, reserved 1048576K
}
Event: 38.136 GC heap before
{Heap before GC invocations=498 (full 3):
 PSYoungGen      total 7168K, used 6723K [0x00000000eab00000, 0x00000000eb400000, 0x0000000100000000)
  eden space 5120K, 100% used [0x00000000eab00000,0x00000000eb000000,0x00000000eb000000)
  from space 2048K, 78% used [0x00000000eb200000,0x00000000eb390c60,0x00000000eb400000)
  to   space 2048K, 0% used [0x00000000eb000000,0x00000000eb000000,0x00000000eb200000)
 ParOldGen       total 336896K, used 336395K [0x00000000c0000000, 0x00000000d4900000, 0x00000000eab00000)
  object space 336896K, 99% used [0x00000000c0000000,0x00000000d4882f80,0x00000000d4900000)
 Metaspace       used 72149K, committed 73728K, reserved 1114112K
  class space    used 8661K, committed 9344K, reserved 1048576K
}
Event: 38.137 GC heap after
{Heap after GC invocations=498 (full 3):
 PSYoungGen      total 7168K, used 2002K [0x00000000eab00000, 0x00000000eb600000, 0x0000000100000000)
  eden space 5120K, 0% used [0x00000000eab00000,0x00000000eab00000,0x00000000eb000000)
  from space 2048K, 97% used [0x00000000eb000000,0x00000000eb1f4820,0x00000000eb200000)
  to   space 2560K, 0% used [0x00000000eb380000,0x00000000eb380000,0x00000000eb600000)
 ParOldGen       total 338432K, used 337921K [0x00000000c0000000, 0x00000000d4a80000, 0x00000000eab00000)
  object space 338432K, 99% used [0x00000000c0000000,0x00000000d4a00430,0x00000000d4a80000)
 Metaspace       used 72149K, committed 73728K, reserved 1114112K
  class space    used 8661K, committed 9344K, reserved 1048576K
}
Event: 38.142 GC heap before
{Heap before GC invocations=499 (full 3):
 PSYoungGen      total 7168K, used 7122K [0x00000000eab00000, 0x00000000eb600000, 0x0000000100000000)
  eden space 5120K, 100% used [0x00000000eab00000,0x00000000eb000000,0x00000000eb000000)
  from space 2048K, 97% used [0x00000000eb000000,0x00000000eb1f4820,0x00000000eb200000)
  to   space 2560K, 0% used [0x00000000eb380000,0x00000000eb380000,0x00000000eb600000)
 ParOldGen       total 338432K, used 337921K [0x00000000c0000000, 0x00000000d4a80000, 0x00000000eab00000)
  object space 338432K, 99% used [0x00000000c0000000,0x00000000d4a00430,0x00000000d4a80000)
 Metaspace       used 72149K, committed 73728K, reserved 1114112K
  class space    used 8661K, committed 9344K, reserved 1048576K
}
Event: 38.144 GC heap after
{Heap after GC invocations=499 (full 3):
 PSYoungGen      total 8192K, used 1694K [0x00000000eab00000, 0x00000000eb580000, 0x0000000100000000)
  eden space 6144K, 0% used [0x00000000eab00000,0x00000000eab00000,0x00000000eb100000)
  from space 2048K, 82% used [0x00000000eb380000,0x00000000eb527808,0x00000000eb580000)
  to   space 2048K, 0% used [0x00000000eb180000,0x00000000eb180000,0x00000000eb380000)
 ParOldGen       total 339968K, used 339814K [0x00000000c0000000, 0x00000000d4c00000, 0x00000000eab00000)
  object space 339968K, 99% used [0x00000000c0000000,0x00000000d4bd9a58,0x00000000d4c00000)
 Metaspace       used 72149K, committed 73728K, reserved 1114112K
  class space    used 8661K, committed 9344K, reserved 1048576K
}
Event: 38.151 GC heap before
{Heap before GC invocations=500 (full 3):
 PSYoungGen      total 8192K, used 7838K [0x00000000eab00000, 0x00000000eb580000, 0x0000000100000000)
  eden space 6144K, 100% used [0x00000000eab00000,0x00000000eb100000,0x00000000eb100000)
  from space 2048K, 82% used [0x00000000eb380000,0x00000000eb527808,0x00000000eb580000)
  to   space 2048K, 0% used [0x00000000eb180000,0x00000000eb180000,0x00000000eb380000)
 ParOldGen       total 339968K, used 339814K [0x00000000c0000000, 0x00000000d4c00000, 0x00000000eab00000)
  object space 339968K, 99% used [0x00000000c0000000,0x00000000d4bd9a58,0x00000000d4c00000)
 Metaspace       used 72149K, committed 73728K, reserved 1114112K
  class space    used 8661K, committed 9344K, reserved 1048576K
}
Event: 38.154 GC heap after
{Heap after GC invocations=500 (full 3):
 PSYoungGen      total 8704K, used 1879K [0x00000000eab00000, 0x00000000eb680000, 0x0000000100000000)
  eden space 6656K, 0% used [0x00000000eab00000,0x00000000eab00000,0x00000000eb180000)
  from space 2048K, 91% used [0x00000000eb180000,0x00000000eb355f78,0x00000000eb380000)
  to   space 2048K, 0% used [0x00000000eb480000,0x00000000eb480000,0x00000000eb680000)
 ParOldGen       total 341504K, used 341419K [0x00000000c0000000, 0x00000000d4d80000, 0x00000000eab00000)
  object space 341504K, 99% used [0x00000000c0000000,0x00000000d4d6af38,0x00000000d4d80000)
 Metaspace       used 72149K, committed 73728K, reserved 1114112K
  class space    used 8661K, committed 9344K, reserved 1048576K
}
Event: 38.161 GC heap before
{Heap before GC invocations=501 (full 3):
 PSYoungGen      total 8704K, used 8535K [0x00000000eab00000, 0x00000000eb680000, 0x0000000100000000)
  eden space 6656K, 100% used [0x00000000eab00000,0x00000000eb180000,0x00000000eb180000)
  from space 2048K, 91% used [0x00000000eb180000,0x00000000eb355f78,0x00000000eb380000)
  to   space 2048K, 0% used [0x00000000eb480000,0x00000000eb480000,0x00000000eb680000)
 ParOldGen       total 341504K, used 341419K [0x00000000c0000000, 0x00000000d4d80000, 0x00000000eab00000)
  object space 341504K, 99% used [0x00000000c0000000,0x00000000d4d6af38,0x00000000d4d80000)
 Metaspace       used 72149K, committed 73728K, reserved 1114112K
  class space    used 8661K, committed 9344K, reserved 1048576K
}
Event: 38.163 GC heap after
{Heap after GC invocations=501 (full 3):
 PSYoungGen      total 8704K, used 8535K [0x00000000eab00000, 0x00000000eb680000, 0x0000000100000000)
  eden space 6656K, 100% used [0x00000000eab00000,0x00000000eb180000,0x00000000eb180000)
  from space 2048K, 91% used [0x00000000eb180000,0x00000000eb355f78,0x00000000eb380000)
  to   space 2048K, 99% used [0x00000000eb480000,0x00000000eb67d858,0x00000000eb680000)
 ParOldGen       total 342528K, used 342523K [0x00000000c0000000, 0x00000000d4e80000, 0x00000000eab00000)
  object space 342528K, 99% used [0x00000000c0000000,0x00000000d4e7ee88,0x00000000d4e80000)
 Metaspace       used 72149K, committed 73728K, reserved 1114112K
  class space    used 8661K, committed 9344K, reserved 1048576K
}
Event: 38.163 GC heap before
{Heap before GC invocations=502 (full 4):
 PSYoungGen      total 8704K, used 8535K [0x00000000eab00000, 0x00000000eb680000, 0x0000000100000000)
  eden space 6656K, 100% used [0x00000000eab00000,0x00000000eb180000,0x00000000eb180000)
  from space 2048K, 91% used [0x00000000eb180000,0x00000000eb355f78,0x00000000eb380000)
  to   space 2048K, 99% used [0x00000000eb480000,0x00000000eb67d858,0x00000000eb680000)
 ParOldGen       total 342528K, used 342523K [0x00000000c0000000, 0x00000000d4e80000, 0x00000000eab00000)
  object space 342528K, 99% used [0x00000000c0000000,0x00000000d4e7ee88,0x00000000d4e80000)
 Metaspace       used 72149K, committed 73728K, reserved 1114112K
  class space    used 8661K, committed 9344K, reserved 1048576K
}

