# JRE version: Java(TM) SE Runtime Environment (21.0.6+8) (build 21.0.6+8-LTS-188)
# Java VM: Java HotSpot(TM) 64-Bit Server VM (21.0.6+8-LTS-188, mixed mode, sharing, tiered, compressed oops, compressed class ptrs, g1 gc, windows-amd64)
GC Precious Log:
 CardTable entry size: 512
 Card Set container configuration: InlinePtr #cards 5 size 8 Array Of Cards #cards 12 size 40 Howl #buckets 4 coarsen threshold 1843 Howl Bitmap #cards 512 size 80 coarsen threshold 460 Card regions per heap region 1 cards per card region 2048
 CPUs: 8 total, 8 available
 Memory: 16107M
 Large Page Support: Disabled
 NUMA Support: Disabled
 Compressed Oops: Enabled (32-bit)
 Heap Region Size: 1M
 Heap Min Capacity: 256M
 Heap Initial Capacity: 256M
 Heap Max Capacity: 512M
 Pre-touch: Disabled
 Parallel Workers: 8
 Concurrent Workers: 2
 Concurrent Refinement Workers: 8
 Periodic GC: Disabled
Heap:
 garbage-first heap   total 262144K, used 77908K [0x00000000e0000000, 0x0000000100000000)
  region size 1024K, 22 young (22528K), 17 survivors (17408K)
 Metaspace       used 83564K, committed 85888K, reserved 458752K
  class space    used 11381K, committed 12544K, reserved 327680K
GC Heap History (20 events):
Event: 1.668 GC heap before
{Heap before GC invocations=2 (full 0):
 garbage-first heap   total 262144K, used 62998K [0x00000000e0000000, 0x0000000100000000)
  region size 1024K, 54 young (55296K), 5 survivors (5120K)
 Metaspace       used 6723K, committed 6976K, reserved 393216K
  class space    used 878K, committed 960K, reserved 327680K
}
Event: 1.674 GC heap after
{Heap after GC invocations=3 (full 0):
 garbage-first heap   total 262144K, used 18196K [0x00000000e0000000, 0x0000000100000000)
  region size 1024K, 7 young (7168K), 7 survivors (7168K)
 Metaspace       used 6723K, committed 6976K, reserved 393216K
  class space    used 878K, committed 960K, reserved 327680K
}
Event: 2.982 GC heap before
{Heap before GC invocations=3 (full 0):
 garbage-first heap   total 262144K, used 98068K [0x00000000e0000000, 0x0000000100000000)
  region size 1024K, 86 young (88064K), 7 survivors (7168K)
 Metaspace       used 20803K, committed 21504K, reserved 393216K
  class space    used 2974K, committed 3328K, reserved 327680K
}
Event: 2.990 GC heap after
{Heap after GC invocations=4 (full 0):
 garbage-first heap   total 262144K, used 23497K [0x00000000e0000000, 0x0000000100000000)
  region size 1024K, 12 young (12288K), 12 survivors (12288K)
 Metaspace       used 20803K, committed 21504K, reserved 393216K
  class space    used 2974K, committed 3328K, reserved 327680K
}
Event: 4.258 GC heap before
{Heap before GC invocations=5 (full 0):
 garbage-first heap   total 262144K, used 115657K [0x00000000e0000000, 0x0000000100000000)
  region size 1024K, 104 young (106496K), 12 survivors (12288K)
 Metaspace       used 35054K, committed 36096K, reserved 393216K
  class space    used 4914K, committed 5440K, reserved 327680K
}
Event: 4.273 GC heap after
{Heap after GC invocations=6 (full 0):
 garbage-first heap   total 262144K, used 32470K [0x00000000e0000000, 0x0000000100000000)
  region size 1024K, 15 young (15360K), 15 survivors (15360K)
 Metaspace       used 35054K, committed 36096K, reserved 393216K
  class space    used 4914K, committed 5440K, reserved 327680K
}
Event: 5.448 GC heap before
{Heap before GC invocations=7 (full 0):
 garbage-first heap   total 262144K, used 179926K [0x00000000e0000000, 0x0000000100000000)
  region size 1024K, 153 young (156672K), 15 survivors (15360K)
 Metaspace       used 48416K, committed 50176K, reserved 393216K
  class space    used 6774K, committed 7616K, reserved 327680K
}
Event: 5.460 GC heap after
{Heap after GC invocations=8 (full 0):
 garbage-first heap   total 262144K, used 41143K [0x00000000e0000000, 0x0000000100000000)
  region size 1024K, 18 young (18432K), 18 survivors (18432K)
 Metaspace       used 48416K, committed 50176K, reserved 393216K
  class space    used 6774K, committed 7616K, reserved 327680K
}
Event: 6.670 GC heap before
{Heap before GC invocations=8 (full 0):
 garbage-first heap   total 262144K, used 178359K [0x00000000e0000000, 0x0000000100000000)
  region size 1024K, 153 young (156672K), 18 survivors (18432K)
 Metaspace       used 56415K, committed 58368K, reserved 393216K
  class space    used 8011K, committed 8960K, reserved 327680K
}
Event: 6.681 GC heap after
{Heap after GC invocations=9 (full 0):
 garbage-first heap   total 262144K, used 45197K [0x00000000e0000000, 0x0000000100000000)
  region size 1024K, 14 young (14336K), 14 survivors (14336K)
 Metaspace       used 56415K, committed 58368K, reserved 393216K
  class space    used 8011K, committed 8960K, reserved 327680K
}
Event: 6.992 GC heap before
{Heap before GC invocations=9 (full 0):
 garbage-first heap   total 262144K, used 113805K [0x00000000e0000000, 0x0000000100000000)
  region size 1024K, 83 young (84992K), 14 survivors (14336K)
 Metaspace       used 58527K, committed 60480K, reserved 393216K
  class space    used 8360K, committed 9344K, reserved 327680K
}
Event: 6.998 GC heap after
{Heap after GC invocations=10 (full 0):
 garbage-first heap   total 262144K, used 47430K [0x00000000e0000000, 0x0000000100000000)
  region size 1024K, 7 young (7168K), 7 survivors (7168K)
 Metaspace       used 58527K, committed 60480K, reserved 393216K
  class space    used 8360K, committed 9344K, reserved 327680K
}
Event: 9.517 GC heap before
{Heap before GC invocations=11 (full 0):
 garbage-first heap   total 262144K, used 195910K [0x00000000e0000000, 0x0000000100000000)
  region size 1024K, 153 young (156672K), 7 survivors (7168K)
 Metaspace       used 72618K, committed 74688K, reserved 393216K
  class space    used 10123K, committed 11136K, reserved 327680K
}
Event: 9.527 GC heap after
{Heap after GC invocations=12 (full 0):
 garbage-first heap   total 262144K, used 61095K [0x00000000e0000000, 0x0000000100000000)
  region size 1024K, 20 young (20480K), 20 survivors (20480K)
 Metaspace       used 72618K, committed 74688K, reserved 393216K
  class space    used 10123K, committed 11136K, reserved 327680K
}
Event: 12.825 GC heap before
{Heap before GC invocations=12 (full 0):
 garbage-first heap   total 262144K, used 197287K [0x00000000e0000000, 0x0000000100000000)
  region size 1024K, 153 young (156672K), 20 survivors (20480K)
 Metaspace       used 75471K, committed 77632K, reserved 458752K
  class space    used 10324K, committed 11392K, reserved 327680K
}
Event: 12.837 GC heap after
{Heap after GC invocations=13 (full 0):
 garbage-first heap   total 262144K, used 62881K [0x00000000e0000000, 0x0000000100000000)
  region size 1024K, 6 young (6144K), 6 survivors (6144K)
 Metaspace       used 75471K, committed 77632K, reserved 458752K
  class space    used 10324K, committed 11392K, reserved 327680K
}
Event: 14.490 GC heap before
{Heap before GC invocations=13 (full 0):
 garbage-first heap   total 262144K, used 212385K [0x00000000e0000000, 0x0000000100000000)
  region size 1024K, 153 young (156672K), 6 survivors (6144K)
 Metaspace       used 76090K, committed 78272K, reserved 458752K
  class space    used 10348K, committed 11392K, reserved 327680K
}
Event: 14.494 GC heap after
{Heap after GC invocations=14 (full 0):
 garbage-first heap   total 262144K, used 64652K [0x00000000e0000000, 0x0000000100000000)
  region size 1024K, 8 young (8192K), 8 survivors (8192K)
 Metaspace       used 76090K, committed 78272K, reserved 458752K
  class space    used 10348K, committed 11392K, reserved 327680K
}
Event: 18.719 GC heap before
{Heap before GC invocations=14 (full 0):
 garbage-first heap   total 262144K, used 212108K [0x00000000e0000000, 0x0000000100000000)
  region size 1024K, 153 young (156672K), 8 survivors (8192K)
 Metaspace       used 78113K, committed 80256K, reserved 458752K
  class space    used 10532K, committed 11584K, reserved 327680K
}
Event: 18.725 GC heap after
{Heap after GC invocations=15 (full 0):
 garbage-first heap   total 262144K, used 67516K [0x00000000e0000000, 0x0000000100000000)
  region size 1024K, 11 young (11264K), 11 survivors (11264K)
 Metaspace       used 78113K, committed 80256K, reserved 458752K
  class space    used 10532K, committed 11584K, reserved 327680K
}

