# JRE version: OpenJDK Runtime Environment Temurin-21.0.7+6 (21.0.7+6) (build 21.0.7+6-LTS)
# Java VM: OpenJDK 64-Bit Server VM Temurin-21.0.7+6 (21.0.7+6-LTS, mixed mode, sharing, tiered, compressed oops, compressed class ptrs, parallel gc, windows-amd64)
GC Precious Log:
 CardTable entry size: 512
 CPUs: 8 total, 8 available
 Memory: 16107M
 Large Page Support: Disabled
 NUMA Support: Disabled
 Compressed Oops: Enabled (32-bit)
 Alignments: Space 512K, Generation 512K, Heap 2M
 Heap Min Capacity: 100M
 Heap Initial Capacity: 100M
 Heap Max Capacity: 1G
 Pre-touch: Disabled
 Parallel Workers: 8
Heap:
 PSYoungGen      total 13824K, used 10903K [0x00000000eab00000, 0x00000000ebb80000, 0x0000000100000000)
  eden space 11776K, 76% used [0x00000000eab00000,0x00000000eb3d27d8,0x00000000eb680000)
  from space 2048K, 91% used [0x00000000eb980000,0x00000000ebb53688,0x00000000ebb80000)
  to   space 2048K, 0% used [0x00000000eb780000,0x00000000eb780000,0x00000000eb980000)
 ParOldGen       total 81408K, used 80929K [0x00000000c0000000, 0x00000000c4f80000, 0x00000000eab00000)
  object space 81408K, 99% used [0x00000000c0000000,0x00000000c4f084b0,0x00000000c4f80000)
 Metaspace       used 71744K, committed 73408K, reserved 1114112K
  class space    used 8771K, committed 9472K, reserved 1048576K
GC Heap History (20 events):
Event: 46.433 GC heap before
{Heap before GC invocations=70 (full 3):
 PSYoungGen      total 17408K, used 17116K [0x00000000eab00000, 0x00000000ebe80000, 0x0000000100000000)
  eden space 14848K, 100% used [0x00000000eab00000,0x00000000eb980000,0x00000000eb980000)
  from space 2560K, 88% used [0x00000000ebc00000,0x00000000ebe37020,0x00000000ebe80000)
  to   space 2560K, 0% used [0x00000000eb980000,0x00000000eb980000,0x00000000ebc00000)
 ParOldGen       total 68608K, used 58016K [0x00000000c0000000, 0x00000000c4300000, 0x00000000eab00000)
  object space 68608K, 84% used [0x00000000c0000000,0x00000000c38a81a0,0x00000000c4300000)
 Metaspace       used 69092K, committed 70784K, reserved 1114112K
  class space    used 8480K, committed 9216K, reserved 1048576K
}
Event: 46.437 GC heap after
{Heap after GC invocations=70 (full 3):
 PSYoungGen      total 16896K, used 1779K [0x00000000eab00000, 0x00000000ebd80000, 0x0000000100000000)
  eden space 14848K, 0% used [0x00000000eab00000,0x00000000eab00000,0x00000000eb980000)
  from space 2048K, 86% used [0x00000000eb980000,0x00000000ebb3ce00,0x00000000ebb80000)
  to   space 2048K, 0% used [0x00000000ebb80000,0x00000000ebb80000,0x00000000ebd80000)
 ParOldGen       total 68608K, used 60142K [0x00000000c0000000, 0x00000000c4300000, 0x00000000eab00000)
  object space 68608K, 87% used [0x00000000c0000000,0x00000000c3abbbf0,0x00000000c4300000)
 Metaspace       used 69092K, committed 70784K, reserved 1114112K
  class space    used 8480K, committed 9216K, reserved 1048576K
}
Event: 46.474 GC heap before
{Heap before GC invocations=71 (full 3):
 PSYoungGen      total 16896K, used 16627K [0x00000000eab00000, 0x00000000ebd80000, 0x0000000100000000)
  eden space 14848K, 100% used [0x00000000eab00000,0x00000000eb980000,0x00000000eb980000)
  from space 2048K, 86% used [0x00000000eb980000,0x00000000ebb3ce00,0x00000000ebb80000)
  to   space 2048K, 0% used [0x00000000ebb80000,0x00000000ebb80000,0x00000000ebd80000)
 ParOldGen       total 68608K, used 60142K [0x00000000c0000000, 0x00000000c4300000, 0x00000000eab00000)
  object space 68608K, 87% used [0x00000000c0000000,0x00000000c3abbbf0,0x00000000c4300000)
 Metaspace       used 69236K, committed 70912K, reserved 1114112K
  class space    used 8491K, committed 9216K, reserved 1048576K
}
Event: 46.477 GC heap after
{Heap after GC invocations=71 (full 3):
 PSYoungGen      total 16896K, used 1827K [0x00000000eab00000, 0x00000000ebd80000, 0x0000000100000000)
  eden space 14848K, 0% used [0x00000000eab00000,0x00000000eab00000,0x00000000eb980000)
  from space 2048K, 89% used [0x00000000ebb80000,0x00000000ebd48ea0,0x00000000ebd80000)
  to   space 2048K, 0% used [0x00000000eb980000,0x00000000eb980000,0x00000000ebb80000)
 ParOldGen       total 68608K, used 61801K [0x00000000c0000000, 0x00000000c4300000, 0x00000000eab00000)
  object space 68608K, 90% used [0x00000000c0000000,0x00000000c3c5a750,0x00000000c4300000)
 Metaspace       used 69236K, committed 70912K, reserved 1114112K
  class space    used 8491K, committed 9216K, reserved 1048576K
}
Event: 46.527 GC heap before
{Heap before GC invocations=72 (full 3):
 PSYoungGen      total 16896K, used 16675K [0x00000000eab00000, 0x00000000ebd80000, 0x0000000100000000)
  eden space 14848K, 100% used [0x00000000eab00000,0x00000000eb980000,0x00000000eb980000)
  from space 2048K, 89% used [0x00000000ebb80000,0x00000000ebd48ea0,0x00000000ebd80000)
  to   space 2048K, 0% used [0x00000000eb980000,0x00000000eb980000,0x00000000ebb80000)
 ParOldGen       total 68608K, used 61801K [0x00000000c0000000, 0x00000000c4300000, 0x00000000eab00000)
  object space 68608K, 90% used [0x00000000c0000000,0x00000000c3c5a750,0x00000000c4300000)
 Metaspace       used 69638K, committed 71360K, reserved 1114112K
  class space    used 8524K, committed 9280K, reserved 1048576K
}
Event: 46.529 GC heap after
{Heap after GC invocations=72 (full 3):
 PSYoungGen      total 16896K, used 2024K [0x00000000eab00000, 0x00000000ec280000, 0x0000000100000000)
  eden space 14848K, 0% used [0x00000000eab00000,0x00000000eab00000,0x00000000eb980000)
  from space 2048K, 98% used [0x00000000eb980000,0x00000000ebb7a030,0x00000000ebb80000)
  to   space 4608K, 0% used [0x00000000ebe00000,0x00000000ebe00000,0x00000000ec280000)
 ParOldGen       total 68608K, used 63790K [0x00000000c0000000, 0x00000000c4300000, 0x00000000eab00000)
  object space 68608K, 92% used [0x00000000c0000000,0x00000000c3e4ba38,0x00000000c4300000)
 Metaspace       used 69638K, committed 71360K, reserved 1114112K
  class space    used 8524K, committed 9280K, reserved 1048576K
}
Event: 46.577 GC heap before
{Heap before GC invocations=73 (full 3):
 PSYoungGen      total 16896K, used 16872K [0x00000000eab00000, 0x00000000ec280000, 0x0000000100000000)
  eden space 14848K, 100% used [0x00000000eab00000,0x00000000eb980000,0x00000000eb980000)
  from space 2048K, 98% used [0x00000000eb980000,0x00000000ebb7a030,0x00000000ebb80000)
  to   space 4608K, 0% used [0x00000000ebe00000,0x00000000ebe00000,0x00000000ec280000)
 ParOldGen       total 68608K, used 63790K [0x00000000c0000000, 0x00000000c4300000, 0x00000000eab00000)
  object space 68608K, 92% used [0x00000000c0000000,0x00000000c3e4ba38,0x00000000c4300000)
 Metaspace       used 70273K, committed 71936K, reserved 1114112K
  class space    used 8561K, committed 9280K, reserved 1048576K
}
Event: 46.580 GC heap after
{Heap after GC invocations=73 (full 3):
 PSYoungGen      total 18432K, used 3469K [0x00000000eab00000, 0x00000000ec180000, 0x0000000100000000)
  eden space 14848K, 0% used [0x00000000eab00000,0x00000000eab00000,0x00000000eb980000)
  from space 3584K, 96% used [0x00000000ebe00000,0x00000000ec1637b0,0x00000000ec180000)
  to   space 4096K, 0% used [0x00000000eb980000,0x00000000eb980000,0x00000000ebd80000)
 ParOldGen       total 68608K, used 65746K [0x00000000c0000000, 0x00000000c4300000, 0x00000000eab00000)
  object space 68608K, 95% used [0x00000000c0000000,0x00000000c40349e8,0x00000000c4300000)
 Metaspace       used 70273K, committed 71936K, reserved 1114112K
  class space    used 8561K, committed 9280K, reserved 1048576K
}
Event: 46.613 GC heap before
{Heap before GC invocations=74 (full 3):
 PSYoungGen      total 18432K, used 18317K [0x00000000eab00000, 0x00000000ec180000, 0x0000000100000000)
  eden space 14848K, 100% used [0x00000000eab00000,0x00000000eb980000,0x00000000eb980000)
  from space 3584K, 96% used [0x00000000ebe00000,0x00000000ec1637b0,0x00000000ec180000)
  to   space 4096K, 0% used [0x00000000eb980000,0x00000000eb980000,0x00000000ebd80000)
 ParOldGen       total 68608K, used 65746K [0x00000000c0000000, 0x00000000c4300000, 0x00000000eab00000)
  object space 68608K, 95% used [0x00000000c0000000,0x00000000c40349e8,0x00000000c4300000)
 Metaspace       used 70777K, committed 72448K, reserved 1114112K
  class space    used 8638K, committed 9344K, reserved 1048576K
}
Event: 46.616 GC heap after
{Heap after GC invocations=74 (full 3):
 PSYoungGen      total 17408K, used 2515K [0x00000000eab00000, 0x00000000ebf80000, 0x0000000100000000)
  eden space 14848K, 0% used [0x00000000eab00000,0x00000000eab00000,0x00000000eb980000)
  from space 2560K, 98% used [0x00000000eb980000,0x00000000ebbf4dc8,0x00000000ebc00000)
  to   space 3072K, 0% used [0x00000000ebc80000,0x00000000ebc80000,0x00000000ebf80000)
 ParOldGen       total 69120K, used 68710K [0x00000000c0000000, 0x00000000c4380000, 0x00000000eab00000)
  object space 69120K, 99% used [0x00000000c0000000,0x00000000c43198c0,0x00000000c4380000)
 Metaspace       used 70777K, committed 72448K, reserved 1114112K
  class space    used 8638K, committed 9344K, reserved 1048576K
}
Event: 46.670 GC heap before
{Heap before GC invocations=75 (full 3):
 PSYoungGen      total 17408K, used 17363K [0x00000000eab00000, 0x00000000ebf80000, 0x0000000100000000)
  eden space 14848K, 100% used [0x00000000eab00000,0x00000000eb980000,0x00000000eb980000)
  from space 2560K, 98% used [0x00000000eb980000,0x00000000ebbf4dc8,0x00000000ebc00000)
  to   space 3072K, 0% used [0x00000000ebc80000,0x00000000ebc80000,0x00000000ebf80000)
 ParOldGen       total 69120K, used 68710K [0x00000000c0000000, 0x00000000c4380000, 0x00000000eab00000)
  object space 69120K, 99% used [0x00000000c0000000,0x00000000c43198c0,0x00000000c4380000)
 Metaspace       used 71010K, committed 72704K, reserved 1114112K
  class space    used 8655K, committed 9408K, reserved 1048576K
}
Event: 46.672 GC heap after
{Heap after GC invocations=75 (full 3):
 PSYoungGen      total 14848K, used 3042K [0x00000000eab00000, 0x00000000ec580000, 0x0000000100000000)
  eden space 11776K, 0% used [0x00000000eab00000,0x00000000eab00000,0x00000000eb680000)
  from space 3072K, 99% used [0x00000000ebc80000,0x00000000ebf78a00,0x00000000ebf80000)
  to   space 6144K, 0% used [0x00000000eb680000,0x00000000eb680000,0x00000000ebc80000)
 ParOldGen       total 71168K, used 71035K [0x00000000c0000000, 0x00000000c4580000, 0x00000000eab00000)
  object space 71168K, 99% used [0x00000000c0000000,0x00000000c455ef68,0x00000000c4580000)
 Metaspace       used 71010K, committed 72704K, reserved 1114112K
  class space    used 8655K, committed 9408K, reserved 1048576K
}
Event: 46.725 GC heap before
{Heap before GC invocations=76 (full 3):
 PSYoungGen      total 14848K, used 14818K [0x00000000eab00000, 0x00000000ec580000, 0x0000000100000000)
  eden space 11776K, 100% used [0x00000000eab00000,0x00000000eb680000,0x00000000eb680000)
  from space 3072K, 99% used [0x00000000ebc80000,0x00000000ebf78a00,0x00000000ebf80000)
  to   space 6144K, 0% used [0x00000000eb680000,0x00000000eb680000,0x00000000ebc80000)
 ParOldGen       total 71168K, used 71035K [0x00000000c0000000, 0x00000000c4580000, 0x00000000eab00000)
  object space 71168K, 99% used [0x00000000c0000000,0x00000000c455ef68,0x00000000c4580000)
 Metaspace       used 71309K, committed 72960K, reserved 1114112K
  class space    used 8688K, committed 9408K, reserved 1048576K
}
Event: 46.728 GC heap after
{Heap after GC invocations=76 (full 3):
 PSYoungGen      total 14848K, used 2737K [0x00000000eab00000, 0x00000000ebe80000, 0x0000000100000000)
  eden space 11776K, 0% used [0x00000000eab00000,0x00000000eab00000,0x00000000eb680000)
  from space 3072K, 89% used [0x00000000eb680000,0x00000000eb92c430,0x00000000eb980000)
  to   space 4096K, 0% used [0x00000000eba80000,0x00000000eba80000,0x00000000ebe80000)
 ParOldGen       total 74240K, used 73932K [0x00000000c0000000, 0x00000000c4880000, 0x00000000eab00000)
  object space 74240K, 99% used [0x00000000c0000000,0x00000000c4833190,0x00000000c4880000)
 Metaspace       used 71309K, committed 72960K, reserved 1114112K
  class space    used 8688K, committed 9408K, reserved 1048576K
}
Event: 46.795 GC heap before
{Heap before GC invocations=77 (full 3):
 PSYoungGen      total 14848K, used 14513K [0x00000000eab00000, 0x00000000ebe80000, 0x0000000100000000)
  eden space 11776K, 100% used [0x00000000eab00000,0x00000000eb680000,0x00000000eb680000)
  from space 3072K, 89% used [0x00000000eb680000,0x00000000eb92c430,0x00000000eb980000)
  to   space 4096K, 0% used [0x00000000eba80000,0x00000000eba80000,0x00000000ebe80000)
 ParOldGen       total 74240K, used 73932K [0x00000000c0000000, 0x00000000c4880000, 0x00000000eab00000)
  object space 74240K, 99% used [0x00000000c0000000,0x00000000c4833190,0x00000000c4880000)
 Metaspace       used 71511K, committed 73152K, reserved 1114112K
  class space    used 8719K, committed 9472K, reserved 1048576K
}
Event: 46.798 GC heap after
{Heap after GC invocations=77 (full 3):
 PSYoungGen      total 14336K, used 2546K [0x00000000eab00000, 0x00000000ebd00000, 0x0000000100000000)
  eden space 11776K, 0% used [0x00000000eab00000,0x00000000eab00000,0x00000000eb680000)
  from space 2560K, 99% used [0x00000000eba80000,0x00000000ebcfcb98,0x00000000ebd00000)
  to   space 3072K, 0% used [0x00000000eb700000,0x00000000eb700000,0x00000000eba00000)
 ParOldGen       total 76800K, used 76512K [0x00000000c0000000, 0x00000000c4b00000, 0x00000000eab00000)
  object space 76800K, 99% used [0x00000000c0000000,0x00000000c4ab82e0,0x00000000c4b00000)
 Metaspace       used 71511K, committed 73152K, reserved 1114112K
  class space    used 8719K, committed 9472K, reserved 1048576K
}
Event: 46.843 GC heap before
{Heap before GC invocations=78 (full 3):
 PSYoungGen      total 14336K, used 14322K [0x00000000eab00000, 0x00000000ebd00000, 0x0000000100000000)
  eden space 11776K, 100% used [0x00000000eab00000,0x00000000eb680000,0x00000000eb680000)
  from space 2560K, 99% used [0x00000000eba80000,0x00000000ebcfcb98,0x00000000ebd00000)
  to   space 3072K, 0% used [0x00000000eb700000,0x00000000eb700000,0x00000000eba00000)
 ParOldGen       total 76800K, used 76512K [0x00000000c0000000, 0x00000000c4b00000, 0x00000000eab00000)
  object space 76800K, 99% used [0x00000000c0000000,0x00000000c4ab82e0,0x00000000c4b00000)
 Metaspace       used 71607K, committed 73280K, reserved 1114112K
  class space    used 8733K, committed 9472K, reserved 1048576K
}
Event: 46.845 GC heap after
{Heap after GC invocations=78 (full 3):
 PSYoungGen      total 14336K, used 2256K [0x00000000eab00000, 0x00000000ebb80000, 0x0000000100000000)
  eden space 11776K, 0% used [0x00000000eab00000,0x00000000eab00000,0x00000000eb680000)
  from space 2560K, 88% used [0x00000000eb700000,0x00000000eb934120,0x00000000eb980000)
  to   space 2048K, 0% used [0x00000000eb980000,0x00000000eb980000,0x00000000ebb80000)
 ParOldGen       total 79360K, used 78855K [0x00000000c0000000, 0x00000000c4d80000, 0x00000000eab00000)
  object space 79360K, 99% used [0x00000000c0000000,0x00000000c4d01cc0,0x00000000c4d80000)
 Metaspace       used 71607K, committed 73280K, reserved 1114112K
  class space    used 8733K, committed 9472K, reserved 1048576K
}
Event: 46.889 GC heap before
{Heap before GC invocations=79 (full 3):
 PSYoungGen      total 14336K, used 13968K [0x00000000eab00000, 0x00000000ebb80000, 0x0000000100000000)
  eden space 11776K, 99% used [0x00000000eab00000,0x00000000eb6700e0,0x00000000eb680000)
  from space 2560K, 88% used [0x00000000eb700000,0x00000000eb934120,0x00000000eb980000)
  to   space 2048K, 0% used [0x00000000eb980000,0x00000000eb980000,0x00000000ebb80000)
 ParOldGen       total 79360K, used 78855K [0x00000000c0000000, 0x00000000c4d80000, 0x00000000eab00000)
  object space 79360K, 99% used [0x00000000c0000000,0x00000000c4d01cc0,0x00000000c4d80000)
 Metaspace       used 71664K, committed 73344K, reserved 1114112K
  class space    used 8755K, committed 9472K, reserved 1048576K
}
Event: 46.891 GC heap after
{Heap after GC invocations=79 (full 3):
 PSYoungGen      total 13824K, used 1869K [0x00000000eab00000, 0x00000000ebb80000, 0x0000000100000000)
  eden space 11776K, 0% used [0x00000000eab00000,0x00000000eab00000,0x00000000eb680000)
  from space 2048K, 91% used [0x00000000eb980000,0x00000000ebb53688,0x00000000ebb80000)
  to   space 2048K, 0% used [0x00000000eb780000,0x00000000eb780000,0x00000000eb980000)
 ParOldGen       total 81408K, used 80929K [0x00000000c0000000, 0x00000000c4f80000, 0x00000000eab00000)
  object space 81408K, 99% used [0x00000000c0000000,0x00000000c4f084b0,0x00000000c4f80000)
 Metaspace       used 71664K, committed 73344K, reserved 1114112K
  class space    used 8755K, committed 9472K, reserved 1048576K
}

